Started GET "/todos" for ::1 at 2020-12-06 01:33:14 -0500
  [1m[35m (1.0ms)[0m  [1m[34mSELECT sqlite_version(*)[0m
  
ActiveRecord::PendingMigrationError (

Migrations are pending. To resolve this issue, run:

        rails db:migrate RAILS_ENV=development

):
  
activerecord (6.0.3.4) lib/active_record/migration.rb:586:in `check_pending!'
activerecord (6.0.3.4) lib/active_record/migration.rb:564:in `call'
actionpack (6.0.3.4) lib/action_dispatch/middleware/callbacks.rb:27:in `block in call'
activesupport (6.0.3.4) lib/active_support/callbacks.rb:101:in `run_callbacks'
actionpack (6.0.3.4) lib/action_dispatch/middleware/callbacks.rb:26:in `call'
actionpack (6.0.3.4) lib/action_dispatch/middleware/executor.rb:14:in `call'
actionpack (6.0.3.4) lib/action_dispatch/middleware/actionable_exceptions.rb:18:in `call'
actionpack (6.0.3.4) lib/action_dispatch/middleware/debug_exceptions.rb:32:in `call'
actionpack (6.0.3.4) lib/action_dispatch/middleware/show_exceptions.rb:33:in `call'
railties (6.0.3.4) lib/rails/rack/logger.rb:37:in `call_app'
railties (6.0.3.4) lib/rails/rack/logger.rb:26:in `block in call'
activesupport (6.0.3.4) lib/active_support/tagged_logging.rb:80:in `block in tagged'
activesupport (6.0.3.4) lib/active_support/tagged_logging.rb:28:in `tagged'
activesupport (6.0.3.4) lib/active_support/tagged_logging.rb:80:in `tagged'
railties (6.0.3.4) lib/rails/rack/logger.rb:26:in `call'
actionpack (6.0.3.4) lib/action_dispatch/middleware/remote_ip.rb:81:in `call'
actionpack (6.0.3.4) lib/action_dispatch/middleware/request_id.rb:27:in `call'
rack (2.2.3) lib/rack/runtime.rb:22:in `call'
activesupport (6.0.3.4) lib/active_support/cache/strategy/local_cache_middleware.rb:29:in `call'
actionpack (6.0.3.4) lib/action_dispatch/middleware/executor.rb:14:in `call'
actionpack (6.0.3.4) lib/action_dispatch/middleware/static.rb:126:in `call'
rack (2.2.3) lib/rack/sendfile.rb:110:in `call'
actionpack (6.0.3.4) lib/action_dispatch/middleware/host_authorization.rb:82:in `call'
rack-cors (1.1.1) lib/rack/cors.rb:100:in `call'
railties (6.0.3.4) lib/rails/engine.rb:527:in `call'
puma (4.3.7) lib/puma/configuration.rb:228:in `call'
puma (4.3.7) lib/puma/server.rb:713:in `handle_request'
puma (4.3.7) lib/puma/server.rb:472:in `process_client'
puma (4.3.7) lib/puma/server.rb:328:in `block in run'
puma (4.3.7) lib/puma/thread_pool.rb:134:in `block in spawn_thread'
Started GET "/favicon.ico" for ::1 at 2020-12-06 01:33:14 -0500
  
ActiveRecord::PendingMigrationError (

Migrations are pending. To resolve this issue, run:

        rails db:migrate RAILS_ENV=development

):
  
activerecord (6.0.3.4) lib/active_record/migration.rb:586:in `check_pending!'
activerecord (6.0.3.4) lib/active_record/migration.rb:564:in `call'
actionpack (6.0.3.4) lib/action_dispatch/middleware/callbacks.rb:27:in `block in call'
activesupport (6.0.3.4) lib/active_support/callbacks.rb:101:in `run_callbacks'
actionpack (6.0.3.4) lib/action_dispatch/middleware/callbacks.rb:26:in `call'
actionpack (6.0.3.4) lib/action_dispatch/middleware/executor.rb:14:in `call'
actionpack (6.0.3.4) lib/action_dispatch/middleware/actionable_exceptions.rb:18:in `call'
actionpack (6.0.3.4) lib/action_dispatch/middleware/debug_exceptions.rb:32:in `call'
actionpack (6.0.3.4) lib/action_dispatch/middleware/show_exceptions.rb:33:in `call'
railties (6.0.3.4) lib/rails/rack/logger.rb:37:in `call_app'
railties (6.0.3.4) lib/rails/rack/logger.rb:26:in `block in call'
activesupport (6.0.3.4) lib/active_support/tagged_logging.rb:80:in `block in tagged'
activesupport (6.0.3.4) lib/active_support/tagged_logging.rb:28:in `tagged'
activesupport (6.0.3.4) lib/active_support/tagged_logging.rb:80:in `tagged'
railties (6.0.3.4) lib/rails/rack/logger.rb:26:in `call'
actionpack (6.0.3.4) lib/action_dispatch/middleware/remote_ip.rb:81:in `call'
actionpack (6.0.3.4) lib/action_dispatch/middleware/request_id.rb:27:in `call'
rack (2.2.3) lib/rack/runtime.rb:22:in `call'
activesupport (6.0.3.4) lib/active_support/cache/strategy/local_cache_middleware.rb:29:in `call'
actionpack (6.0.3.4) lib/action_dispatch/middleware/executor.rb:14:in `call'
actionpack (6.0.3.4) lib/action_dispatch/middleware/static.rb:126:in `call'
rack (2.2.3) lib/rack/sendfile.rb:110:in `call'
actionpack (6.0.3.4) lib/action_dispatch/middleware/host_authorization.rb:82:in `call'
rack-cors (1.1.1) lib/rack/cors.rb:100:in `call'
railties (6.0.3.4) lib/rails/engine.rb:527:in `call'
puma (4.3.7) lib/puma/configuration.rb:228:in `call'
puma (4.3.7) lib/puma/server.rb:713:in `handle_request'
puma (4.3.7) lib/puma/server.rb:472:in `process_client'
puma (4.3.7) lib/puma/server.rb:328:in `block in run'
puma (4.3.7) lib/puma/thread_pool.rb:134:in `block in spawn_thread'
  [1m[35m (0.2ms)[0m  [1m[34mSELECT sqlite_version(*)[0m
  [1m[35m (9.2ms)[0m  [1m[35mCREATE TABLE "schema_migrations" ("version" varchar NOT NULL PRIMARY KEY)[0m
  [1m[35m (7.5ms)[0m  [1m[35mCREATE TABLE "ar_internal_metadata" ("key" varchar NOT NULL PRIMARY KEY, "value" varchar, "created_at" datetime(6) NOT NULL, "updated_at" datetime(6) NOT NULL)[0m
  [1m[35m (0.1ms)[0m  [1m[34mSELECT "schema_migrations"."version" FROM "schema_migrations" ORDER BY "schema_migrations"."version" ASC[0m
Migrating to CreateTodos (20201206063224)
  [1m[35m (0.0ms)[0m  [1m[36mbegin transaction[0m
  [1m[35m (0.3ms)[0m  [1m[35mCREATE TABLE "todos" ("id" integer PRIMARY KEY AUTOINCREMENT NOT NULL, "task" text, "complete" boolean DEFAULT 0, "created_at" datetime(6) NOT NULL, "updated_at" datetime(6) NOT NULL)[0m
  [1m[36mprimary::SchemaMigration Create (0.2ms)[0m  [1m[32mINSERT INTO "schema_migrations" ("version") VALUES (?)[0m  [["version", "20201206063224"]]
  [1m[35m (8.8ms)[0m  [1m[36mcommit transaction[0m
  [1m[36mActiveRecord::InternalMetadata Load (0.2ms)[0m  [1m[34mSELECT "ar_internal_metadata".* FROM "ar_internal_metadata" WHERE "ar_internal_metadata"."key" = ? LIMIT ?[0m  [["key", "environment"], ["LIMIT", 1]]
  [1m[35m (0.0ms)[0m  [1m[36mbegin transaction[0m
  [1m[36mActiveRecord::InternalMetadata Create (0.2ms)[0m  [1m[32mINSERT INTO "ar_internal_metadata" ("key", "value", "created_at", "updated_at") VALUES (?, ?, ?, ?)[0m  [["key", "environment"], ["value", "development"], ["created_at", "2020-12-06 06:33:20.212782"], ["updated_at", "2020-12-06 06:33:20.212782"]]
  [1m[35m (6.2ms)[0m  [1m[36mcommit transaction[0m
  [1m[35m (0.2ms)[0m  [1m[34mSELECT sqlite_version(*)[0m
  [1m[35m (0.1ms)[0m  [1m[34mSELECT "schema_migrations"."version" FROM "schema_migrations" ORDER BY "schema_migrations"."version" ASC[0m
Started GET "/todos" for ::1 at 2020-12-06 01:33:22 -0500
  [1m[35m (0.2ms)[0m  [1m[34mSELECT sqlite_version(*)[0m
  [1m[35m (0.1ms)[0m  [1m[34mSELECT "schema_migrations"."version" FROM "schema_migrations" ORDER BY "schema_migrations"."version" ASC[0m
Processing by TodosController#index as HTML
  [1m[36mTodo Load (0.1ms)[0m  [1m[34mSELECT "todos".* FROM "todos"[0m
  ↳ app/controllers/todos_controller.rb:8:in `index'
Completed 200 OK in 9ms (Views: 7.8ms | ActiveRecord: 0.2ms | Allocations: 1687)


Started GET "/favicon.ico" for ::1 at 2020-12-06 01:33:22 -0500
  
ActionController::RoutingError (No route matches [GET] "/favicon.ico"):
  
actionpack (6.0.3.4) lib/action_dispatch/middleware/debug_exceptions.rb:36:in `call'
actionpack (6.0.3.4) lib/action_dispatch/middleware/show_exceptions.rb:33:in `call'
railties (6.0.3.4) lib/rails/rack/logger.rb:37:in `call_app'
railties (6.0.3.4) lib/rails/rack/logger.rb:26:in `block in call'
activesupport (6.0.3.4) lib/active_support/tagged_logging.rb:80:in `block in tagged'
activesupport (6.0.3.4) lib/active_support/tagged_logging.rb:28:in `tagged'
activesupport (6.0.3.4) lib/active_support/tagged_logging.rb:80:in `tagged'
railties (6.0.3.4) lib/rails/rack/logger.rb:26:in `call'
actionpack (6.0.3.4) lib/action_dispatch/middleware/remote_ip.rb:81:in `call'
actionpack (6.0.3.4) lib/action_dispatch/middleware/request_id.rb:27:in `call'
rack (2.2.3) lib/rack/runtime.rb:22:in `call'
activesupport (6.0.3.4) lib/active_support/cache/strategy/local_cache_middleware.rb:29:in `call'
actionpack (6.0.3.4) lib/action_dispatch/middleware/executor.rb:14:in `call'
actionpack (6.0.3.4) lib/action_dispatch/middleware/static.rb:126:in `call'
rack (2.2.3) lib/rack/sendfile.rb:110:in `call'
actionpack (6.0.3.4) lib/action_dispatch/middleware/host_authorization.rb:82:in `call'
rack-cors (1.1.1) lib/rack/cors.rb:100:in `call'
railties (6.0.3.4) lib/rails/engine.rb:527:in `call'
puma (4.3.7) lib/puma/configuration.rb:228:in `call'
puma (4.3.7) lib/puma/server.rb:713:in `handle_request'
puma (4.3.7) lib/puma/server.rb:472:in `process_client'
puma (4.3.7) lib/puma/server.rb:328:in `block in run'
puma (4.3.7) lib/puma/thread_pool.rb:134:in `block in spawn_thread'
  [1m[35m (0.2ms)[0m  [1m[34mSELECT sqlite_version(*)[0m
  [1m[35m (0.0ms)[0m  [1m[36mbegin transaction[0m
  [1m[36mTodo Create (0.2ms)[0m  [1m[32mINSERT INTO "todos" ("task", "created_at", "updated_at") VALUES (?, ?, ?)[0m  [["task", "Hello, World!"], ["created_at", "2020-12-06 06:33:45.629282"], ["updated_at", "2020-12-06 06:33:45.629282"]]
  [1m[35m (6.4ms)[0m  [1m[36mcommit transaction[0m
Started GET "/todos" for ::1 at 2020-12-06 01:33:49 -0500
  [1m[35m (0.3ms)[0m  [1m[34mSELECT sqlite_version(*)[0m
  [1m[35m (0.1ms)[0m  [1m[34mSELECT "schema_migrations"."version" FROM "schema_migrations" ORDER BY "schema_migrations"."version" ASC[0m
Processing by TodosController#index as HTML
  [1m[36mTodo Load (0.1ms)[0m  [1m[34mSELECT "todos".* FROM "todos"[0m
  ↳ app/controllers/todos_controller.rb:8:in `index'
Completed 200 OK in 12ms (Views: 11.0ms | ActiveRecord: 0.5ms | Allocations: 4499)


Started GET "/todos" for ::1 at 2020-12-06 01:34:39 -0500
Processing by TodosController#index as HTML
  [1m[36mTodo Load (0.1ms)[0m  [1m[34mSELECT "todos".* FROM "todos"[0m
  ↳ app/controllers/todos_controller.rb:8:in `index'
Completed 200 OK in 1ms (Views: 1.1ms | ActiveRecord: 0.1ms | Allocations: 933)


Started GET "/api/v1/todos" for ::1 at 2020-12-06 01:35:48 -0500
  [1m[35m (0.0ms)[0m  [1m[34mSELECT sqlite_version(*)[0m
  
ActionController::RoutingError (No route matches [GET] "/api/v1/todos"):
  
actionpack (6.0.3.4) lib/action_dispatch/middleware/debug_exceptions.rb:36:in `call'
actionpack (6.0.3.4) lib/action_dispatch/middleware/show_exceptions.rb:33:in `call'
railties (6.0.3.4) lib/rails/rack/logger.rb:37:in `call_app'
railties (6.0.3.4) lib/rails/rack/logger.rb:26:in `block in call'
activesupport (6.0.3.4) lib/active_support/tagged_logging.rb:80:in `block in tagged'
activesupport (6.0.3.4) lib/active_support/tagged_logging.rb:28:in `tagged'
activesupport (6.0.3.4) lib/active_support/tagged_logging.rb:80:in `tagged'
railties (6.0.3.4) lib/rails/rack/logger.rb:26:in `call'
actionpack (6.0.3.4) lib/action_dispatch/middleware/remote_ip.rb:81:in `call'
actionpack (6.0.3.4) lib/action_dispatch/middleware/request_id.rb:27:in `call'
rack (2.2.3) lib/rack/runtime.rb:22:in `call'
activesupport (6.0.3.4) lib/active_support/cache/strategy/local_cache_middleware.rb:29:in `call'
actionpack (6.0.3.4) lib/action_dispatch/middleware/executor.rb:14:in `call'
actionpack (6.0.3.4) lib/action_dispatch/middleware/static.rb:126:in `call'
rack (2.2.3) lib/rack/sendfile.rb:110:in `call'
actionpack (6.0.3.4) lib/action_dispatch/middleware/host_authorization.rb:82:in `call'
rack-cors (1.1.1) lib/rack/cors.rb:100:in `call'
railties (6.0.3.4) lib/rails/engine.rb:527:in `call'
puma (4.3.7) lib/puma/configuration.rb:228:in `call'
puma (4.3.7) lib/puma/server.rb:713:in `handle_request'
puma (4.3.7) lib/puma/server.rb:472:in `process_client'
puma (4.3.7) lib/puma/server.rb:328:in `block in run'
puma (4.3.7) lib/puma/thread_pool.rb:134:in `block in spawn_thread'
Started GET "/api/v1/todos" for ::1 at 2020-12-06 01:36:23 -0500
  
NoMethodError (undefined method `namspace' for #<ActionDispatch::Routing::Mapper:0x000055bc3ea2dde8>
Did you mean?  namespace):
  
config/routes.rb:3:in `block (2 levels) in <main>'
config/routes.rb:2:in `block in <main>'
config/routes.rb:1:in `<main>'
Started GET "/api/v1/todos" for ::1 at 2020-12-06 01:36:25 -0500
  [1m[35m (0.1ms)[0m  [1m[34mSELECT sqlite_version(*)[0m
  
ActionController::RoutingError (No route matches [GET] "/api/v1/todos"):
  
actionpack (6.0.3.4) lib/action_dispatch/middleware/debug_exceptions.rb:36:in `call'
actionpack (6.0.3.4) lib/action_dispatch/middleware/show_exceptions.rb:33:in `call'
railties (6.0.3.4) lib/rails/rack/logger.rb:37:in `call_app'
railties (6.0.3.4) lib/rails/rack/logger.rb:26:in `block in call'
activesupport (6.0.3.4) lib/active_support/tagged_logging.rb:80:in `block in tagged'
activesupport (6.0.3.4) lib/active_support/tagged_logging.rb:28:in `tagged'
activesupport (6.0.3.4) lib/active_support/tagged_logging.rb:80:in `tagged'
railties (6.0.3.4) lib/rails/rack/logger.rb:26:in `call'
actionpack (6.0.3.4) lib/action_dispatch/middleware/remote_ip.rb:81:in `call'
actionpack (6.0.3.4) lib/action_dispatch/middleware/request_id.rb:27:in `call'
rack (2.2.3) lib/rack/runtime.rb:22:in `call'
activesupport (6.0.3.4) lib/active_support/cache/strategy/local_cache_middleware.rb:29:in `call'
actionpack (6.0.3.4) lib/action_dispatch/middleware/executor.rb:14:in `call'
actionpack (6.0.3.4) lib/action_dispatch/middleware/static.rb:126:in `call'
rack (2.2.3) lib/rack/sendfile.rb:110:in `call'
actionpack (6.0.3.4) lib/action_dispatch/middleware/host_authorization.rb:82:in `call'
rack-cors (1.1.1) lib/rack/cors.rb:100:in `call'
railties (6.0.3.4) lib/rails/engine.rb:527:in `call'
puma (4.3.7) lib/puma/configuration.rb:228:in `call'
puma (4.3.7) lib/puma/server.rb:713:in `handle_request'
puma (4.3.7) lib/puma/server.rb:472:in `process_client'
puma (4.3.7) lib/puma/server.rb:328:in `block in run'
puma (4.3.7) lib/puma/thread_pool.rb:134:in `block in spawn_thread'
Started GET "/api/v1/todos" for ::1 at 2020-12-06 01:36:58 -0500
  
ActionController::RoutingError (No route matches [GET] "/api/v1/todos"):
  
actionpack (6.0.3.4) lib/action_dispatch/middleware/debug_exceptions.rb:36:in `call'
actionpack (6.0.3.4) lib/action_dispatch/middleware/show_exceptions.rb:33:in `call'
railties (6.0.3.4) lib/rails/rack/logger.rb:37:in `call_app'
railties (6.0.3.4) lib/rails/rack/logger.rb:26:in `block in call'
activesupport (6.0.3.4) lib/active_support/tagged_logging.rb:80:in `block in tagged'
activesupport (6.0.3.4) lib/active_support/tagged_logging.rb:28:in `tagged'
activesupport (6.0.3.4) lib/active_support/tagged_logging.rb:80:in `tagged'
railties (6.0.3.4) lib/rails/rack/logger.rb:26:in `call'
actionpack (6.0.3.4) lib/action_dispatch/middleware/remote_ip.rb:81:in `call'
actionpack (6.0.3.4) lib/action_dispatch/middleware/request_id.rb:27:in `call'
rack (2.2.3) lib/rack/runtime.rb:22:in `call'
activesupport (6.0.3.4) lib/active_support/cache/strategy/local_cache_middleware.rb:29:in `call'
actionpack (6.0.3.4) lib/action_dispatch/middleware/executor.rb:14:in `call'
actionpack (6.0.3.4) lib/action_dispatch/middleware/static.rb:126:in `call'
rack (2.2.3) lib/rack/sendfile.rb:110:in `call'
actionpack (6.0.3.4) lib/action_dispatch/middleware/host_authorization.rb:82:in `call'
rack-cors (1.1.1) lib/rack/cors.rb:100:in `call'
railties (6.0.3.4) lib/rails/engine.rb:527:in `call'
puma (4.3.7) lib/puma/configuration.rb:228:in `call'
puma (4.3.7) lib/puma/server.rb:713:in `handle_request'
puma (4.3.7) lib/puma/server.rb:472:in `process_client'
puma (4.3.7) lib/puma/server.rb:328:in `block in run'
puma (4.3.7) lib/puma/thread_pool.rb:134:in `block in spawn_thread'
Started GET "/api/v1/todos" for ::1 at 2020-12-06 01:37:02 -0500
  [1m[35m (0.0ms)[0m  [1m[34mSELECT sqlite_version(*)[0m
Processing by Api::V1::TodosController#index as HTML
  [1m[36mTodo Load (0.1ms)[0m  [1m[34mSELECT "todos".* FROM "todos"[0m
  ↳ app/controllers/api/v1/todos_controller.rb:8:in `index'
Completed 200 OK in 5ms (Views: 4.1ms | ActiveRecord: 0.5ms | Allocations: 4313)


Started GET "/api/v1/todos" for ::1 at 2020-12-06 01:38:17 -0500
Processing by Api::V1::TodosController#index as HTML
  [1m[36mTodo Load (0.1ms)[0m  [1m[34mSELECT "todos".* FROM "todos"[0m
  ↳ app/controllers/api/v1/todos_controller.rb:8:in `index'
Completed 200 OK in 2ms (Views: 1.3ms | ActiveRecord: 0.1ms | Allocations: 933)


Started POST "/api/v1/todos" for ::1 at 2020-12-06 01:38:21 -0500
Processing by Api::V1::TodosController#create as HTML
  Parameters: {"title"=>"test", "completed"=>false, "todo"=>{}}
Completed 400 Bad Request in 0ms (ActiveRecord: 0.0ms | Allocations: 137)


  
ActionController::ParameterMissing (param is missing or the value is empty: todo):
  
app/controllers/api/v1/todos_controller.rb:49:in `todo_params'
app/controllers/api/v1/todos_controller.rb:18:in `create'
Started GET "/api/v1/todos" for ::1 at 2020-12-06 01:38:54 -0500
Processing by Api::V1::TodosController#index as HTML
  [1m[36mTodo Load (0.1ms)[0m  [1m[34mSELECT "todos".* FROM "todos"[0m
  ↳ app/controllers/api/v1/todos_controller.rb:8:in `index'
Completed 200 OK in 2ms (Views: 1.4ms | ActiveRecord: 0.1ms | Allocations: 925)


Started GET "/api/v1/todos.json" for ::1 at 2020-12-06 01:39:59 -0500
Processing by Api::V1::TodosController#index as JSON
  [1m[36mTodo Load (0.1ms)[0m  [1m[34mSELECT "todos".* FROM "todos"[0m
  ↳ app/controllers/api/v1/todos_controller.rb:8:in `index'
Completed 200 OK in 3ms (Views: 1.1ms | ActiveRecord: 0.1ms | Allocations: 918)


Started POST "/api/v1/todos.json" for ::1 at 2020-12-06 01:40:01 -0500
Processing by Api::V1::TodosController#create as JSON
  Parameters: {"title"=>"test", "completed"=>false, "todo"=>{}}
Completed 400 Bad Request in 0ms (ActiveRecord: 0.0ms | Allocations: 130)


  
ActionController::ParameterMissing (param is missing or the value is empty: todo):
  
app/controllers/api/v1/todos_controller.rb:49:in `todo_params'
app/controllers/api/v1/todos_controller.rb:18:in `create'
Started GET "/api/v1/todos" for ::1 at 2020-12-06 01:40:04 -0500
Processing by Api::V1::TodosController#index as HTML
  [1m[36mTodo Load (0.1ms)[0m  [1m[34mSELECT "todos".* FROM "todos"[0m
  ↳ app/controllers/api/v1/todos_controller.rb:8:in `index'
Completed 200 OK in 1ms (Views: 1.2ms | ActiveRecord: 0.1ms | Allocations: 916)


Started GET "/api/v1/todos" for ::1 at 2020-12-06 01:40:37 -0500
Processing by Api::V1::TodosController#index as HTML
  [1m[36mTodo Load (0.2ms)[0m  [1m[34mSELECT "todos".* FROM "todos"[0m
  ↳ app/controllers/api/v1/todos_controller.rb:8:in `index'
Completed 200 OK in 1ms (Views: 1.1ms | ActiveRecord: 0.2ms | Allocations: 926)


Started GET "/api/v1/todos" for ::1 at 2020-12-06 01:40:41 -0500
Processing by Api::V1::TodosController#index as HTML
  [1m[36mTodo Load (0.1ms)[0m  [1m[34mSELECT "todos".* FROM "todos"[0m
  ↳ app/controllers/api/v1/todos_controller.rb:8:in `index'
Completed 200 OK in 1ms (Views: 1.1ms | ActiveRecord: 0.1ms | Allocations: 917)


Started POST "/api/v1/todos" for ::1 at 2020-12-06 01:40:42 -0500
Processing by Api::V1::TodosController#create as HTML
  Parameters: {"task"=>"test", "completed"=>false, "todo"=>{"task"=>"test"}}
  [1m[35m (0.1ms)[0m  [1m[36mbegin transaction[0m
  ↳ app/controllers/api/v1/todos_controller.rb:20:in `create'
  [1m[36mTodo Create (0.3ms)[0m  [1m[32mINSERT INTO "todos" ("task", "created_at", "updated_at") VALUES (?, ?, ?)[0m  [["task", "test"], ["created_at", "2020-12-06 06:40:42.353090"], ["updated_at", "2020-12-06 06:40:42.353090"]]
  ↳ app/controllers/api/v1/todos_controller.rb:20:in `create'
  [1m[35m (5.9ms)[0m  [1m[36mcommit transaction[0m
  ↳ app/controllers/api/v1/todos_controller.rb:20:in `create'
Completed 500 Internal Server Error in 40ms (ActiveRecord: 6.2ms | Allocations: 35221)


  
NoMethodError (undefined method `todo_url' for #<Api::V1::TodosController:0x00007f05a0b6add0>
Did you mean?  todo_params):
  
app/controllers/api/v1/todos_controller.rb:21:in `create'
Started GET "/api/v1/todos" for ::1 at 2020-12-06 01:40:51 -0500
Processing by Api::V1::TodosController#index as HTML
  [1m[36mTodo Load (0.1ms)[0m  [1m[34mSELECT "todos".* FROM "todos"[0m
  ↳ app/controllers/api/v1/todos_controller.rb:8:in `index'
Completed 200 OK in 2ms (Views: 1.4ms | ActiveRecord: 0.1ms | Allocations: 1037)


  [1m[35m (0.2ms)[0m  [1m[34mSELECT sqlite_version(*)[0m
  [1m[35m (0.1ms)[0m  [1m[34mSELECT "schema_migrations"."version" FROM "schema_migrations" ORDER BY "schema_migrations"."version" ASC[0m
  [1m[35m (0.1ms)[0m  [1m[34mSELECT "ar_internal_metadata"."value" FROM "ar_internal_metadata" WHERE "ar_internal_metadata"."key" = ?[0m  [["key", "environment"]]
  [1m[35m (0.0ms)[0m  [1m[34mSELECT "schema_migrations"."version" FROM "schema_migrations" ORDER BY "schema_migrations"."version" ASC[0m
  [1m[35m (0.0ms)[0m  [1m[34mSELECT "ar_internal_metadata"."value" FROM "ar_internal_metadata" WHERE "ar_internal_metadata"."key" = ?[0m  [["key", "environment"]]
  [1m[35m (0.0ms)[0m  [1m[34mSELECT "schema_migrations"."version" FROM "schema_migrations" ORDER BY "schema_migrations"."version" ASC[0m
  [1m[35m (0.0ms)[0m  [1m[34mSELECT "ar_internal_metadata"."value" FROM "ar_internal_metadata" WHERE "ar_internal_metadata"."key" = ?[0m  [["key", "environment"]]
  [1m[35m (0.2ms)[0m  [1m[34mSELECT sqlite_version(*)[0m
  [1m[35m (0.2ms)[0m  [1m[34mSELECT sqlite_version(*)[0m
  [1m[35m (10.1ms)[0m  [1m[35mCREATE TABLE "schema_migrations" ("version" varchar NOT NULL PRIMARY KEY)[0m
  [1m[35m (8.2ms)[0m  [1m[35mCREATE TABLE "ar_internal_metadata" ("key" varchar NOT NULL PRIMARY KEY, "value" varchar, "created_at" datetime(6) NOT NULL, "updated_at" datetime(6) NOT NULL)[0m
  [1m[35m (0.1ms)[0m  [1m[34mSELECT "schema_migrations"."version" FROM "schema_migrations" ORDER BY "schema_migrations"."version" ASC[0m
Migrating to CreateTodos (20201206063224)
  [1m[35m (0.0ms)[0m  [1m[36mbegin transaction[0m
  [1m[35m (0.2ms)[0m  [1m[35mCREATE TABLE "todos" ("id" integer PRIMARY KEY AUTOINCREMENT NOT NULL, "title" text, "completed" boolean DEFAULT 0, "created_at" datetime(6) NOT NULL, "updated_at" datetime(6) NOT NULL)[0m
  [1m[36mprimary::SchemaMigration Create (0.2ms)[0m  [1m[32mINSERT INTO "schema_migrations" ("version") VALUES (?)[0m  [["version", "20201206063224"]]
  [1m[35m (7.9ms)[0m  [1m[36mcommit transaction[0m
  [1m[36mActiveRecord::InternalMetadata Load (0.1ms)[0m  [1m[34mSELECT "ar_internal_metadata".* FROM "ar_internal_metadata" WHERE "ar_internal_metadata"."key" = ? LIMIT ?[0m  [["key", "environment"], ["LIMIT", 1]]
  [1m[35m (0.0ms)[0m  [1m[36mbegin transaction[0m
  [1m[36mActiveRecord::InternalMetadata Create (0.2ms)[0m  [1m[32mINSERT INTO "ar_internal_metadata" ("key", "value", "created_at", "updated_at") VALUES (?, ?, ?, ?)[0m  [["key", "environment"], ["value", "development"], ["created_at", "2020-12-06 06:41:13.724192"], ["updated_at", "2020-12-06 06:41:13.724192"]]
  [1m[35m (6.1ms)[0m  [1m[36mcommit transaction[0m
  [1m[35m (0.0ms)[0m  [1m[34mSELECT sqlite_version(*)[0m
  [1m[35m (0.1ms)[0m  [1m[34mSELECT "schema_migrations"."version" FROM "schema_migrations" ORDER BY "schema_migrations"."version" ASC[0m
Started POST "/api/v1/todos" for ::1 at 2020-12-06 01:41:15 -0500
  [1m[35m (0.2ms)[0m  [1m[34mSELECT sqlite_version(*)[0m
  [1m[35m (0.1ms)[0m  [1m[34mSELECT "schema_migrations"."version" FROM "schema_migrations" ORDER BY "schema_migrations"."version" ASC[0m
Processing by Api::V1::TodosController#create as HTML
  Parameters: {"title"=>"", "completed"=>false, "todo"=>{"title"=>"", "completed"=>false}}
[31mUnpermitted parameters: :title, :completed[0m
  [1m[35m (0.1ms)[0m  [1m[36mbegin transaction[0m
  ↳ app/controllers/api/v1/todos_controller.rb:20:in `create'
  [1m[36mTodo Create (0.4ms)[0m  [1m[32mINSERT INTO "todos" ("created_at", "updated_at") VALUES (?, ?)[0m  [["created_at", "2020-12-06 06:41:15.788938"], ["updated_at", "2020-12-06 06:41:15.788938"]]
  ↳ app/controllers/api/v1/todos_controller.rb:20:in `create'
  [1m[35m (7.3ms)[0m  [1m[36mcommit transaction[0m
  ↳ app/controllers/api/v1/todos_controller.rb:20:in `create'
Completed 500 Internal Server Error in 74ms (ActiveRecord: 8.0ms | Allocations: 37410)


  
NoMethodError (undefined method `todo_url' for #<Api::V1::TodosController:0x0000560bb84c3aa0>):
  
app/controllers/api/v1/todos_controller.rb:21:in `create'
Started GET "/api/v1/todos" for ::1 at 2020-12-06 01:41:16 -0500
Processing by Api::V1::TodosController#index as HTML
  [1m[36mTodo Load (0.2ms)[0m  [1m[34mSELECT "todos".* FROM "todos"[0m
  ↳ app/controllers/api/v1/todos_controller.rb:8:in `index'
Completed 200 OK in 2ms (Views: 1.5ms | ActiveRecord: 0.2ms | Allocations: 1027)


Started GET "/api/v1/todos" for ::1 at 2020-12-06 01:41:18 -0500
Processing by Api::V1::TodosController#index as HTML
  [1m[36mTodo Load (0.1ms)[0m  [1m[34mSELECT "todos".* FROM "todos"[0m
  ↳ app/controllers/api/v1/todos_controller.rb:8:in `index'
Completed 200 OK in 2ms (Views: 1.2ms | ActiveRecord: 0.1ms | Allocations: 927)


Started POST "/api/v1/todos" for ::1 at 2020-12-06 01:41:20 -0500
Processing by Api::V1::TodosController#create as HTML
  Parameters: {"title"=>"test", "completed"=>false, "todo"=>{"title"=>"test", "completed"=>false}}
[31mUnpermitted parameters: :title, :completed[0m
  [1m[35m (0.1ms)[0m  [1m[36mbegin transaction[0m
  ↳ app/controllers/api/v1/todos_controller.rb:20:in `create'
  [1m[36mTodo Create (0.3ms)[0m  [1m[32mINSERT INTO "todos" ("created_at", "updated_at") VALUES (?, ?)[0m  [["created_at", "2020-12-06 06:41:20.643973"], ["updated_at", "2020-12-06 06:41:20.643973"]]
  ↳ app/controllers/api/v1/todos_controller.rb:20:in `create'
  [1m[35m (9.5ms)[0m  [1m[36mcommit transaction[0m
  ↳ app/controllers/api/v1/todos_controller.rb:20:in `create'
Completed 500 Internal Server Error in 48ms (ActiveRecord: 9.9ms | Allocations: 34459)


  
NoMethodError (undefined method `todo_url' for #<Api::V1::TodosController:0x0000560bb961e2c8>):
  
app/controllers/api/v1/todos_controller.rb:21:in `create'
Started GET "/api/v1/todos" for ::1 at 2020-12-06 01:41:43 -0500
Processing by Api::V1::TodosController#index as HTML
  [1m[36mTodo Load (0.1ms)[0m  [1m[34mSELECT "todos".* FROM "todos"[0m
  ↳ app/controllers/api/v1/todos_controller.rb:8:in `index'
Completed 200 OK in 2ms (Views: 1.5ms | ActiveRecord: 0.1ms | Allocations: 1041)


Started GET "/api/v1/todos" for ::1 at 2020-12-06 01:42:04 -0500
  [1m[35m (0.0ms)[0m  [1m[34mSELECT sqlite_version(*)[0m
Processing by Api::V1::TodosController#index as HTML
  [1m[36mTodo Load (0.2ms)[0m  [1m[34mSELECT "todos".* FROM "todos"[0m
  ↳ app/controllers/api/v1/todos_controller.rb:8:in `index'
Completed 200 OK in 7ms (Views: 5.9ms | ActiveRecord: 0.6ms | Allocations: 4383)


Started GET "/api/v1/todos" for ::1 at 2020-12-06 01:42:36 -0500
Processing by Api::V1::TodosController#index as HTML
  [1m[36mTodo Load (0.1ms)[0m  [1m[34mSELECT "todos".* FROM "todos"[0m
  ↳ app/controllers/api/v1/todos_controller.rb:8:in `index'
Completed 200 OK in 2ms (Views: 1.3ms | ActiveRecord: 0.1ms | Allocations: 1026)


Started GET "/api/v1/todos" for ::1 at 2020-12-06 01:43:14 -0500
Processing by Api::V1::TodosController#index as HTML
  [1m[36mTodo Load (0.1ms)[0m  [1m[34mSELECT "todos".* FROM "todos"[0m
  ↳ app/controllers/api/v1/todos_controller.rb:8:in `index'
Completed 200 OK in 2ms (Views: 1.3ms | ActiveRecord: 0.1ms | Allocations: 1026)


Started DELETE "/api/v1/todos/1" for ::1 at 2020-12-06 01:43:31 -0500
Processing by Api::V1::TodosController#destroy as HTML
  Parameters: {"id"=>"1"}
  [1m[36mTodo Load (0.2ms)[0m  [1m[34mSELECT "todos".* FROM "todos" WHERE "todos"."id" = ? LIMIT ?[0m  [["id", 1], ["LIMIT", 1]]
  ↳ app/controllers/api/v1/todos_controller.rb:45:in `set_todo'
  [1m[35m (0.0ms)[0m  [1m[36mbegin transaction[0m
  ↳ app/controllers/api/v1/todos_controller.rb:38:in `destroy'
  [1m[36mTodo Destroy (0.2ms)[0m  [1m[31mDELETE FROM "todos" WHERE "todos"."id" = ?[0m  [["id", 1]]
  ↳ app/controllers/api/v1/todos_controller.rb:38:in `destroy'
  [1m[35m (13.7ms)[0m  [1m[36mcommit transaction[0m
  ↳ app/controllers/api/v1/todos_controller.rb:38:in `destroy'
Completed 204 No Content in 23ms (ActiveRecord: 14.1ms | Allocations: 6030)


Started DELETE "/api/v1/todos/2" for ::1 at 2020-12-06 01:43:32 -0500
Processing by Api::V1::TodosController#destroy as HTML
  Parameters: {"id"=>"2"}
  [1m[36mTodo Load (0.1ms)[0m  [1m[34mSELECT "todos".* FROM "todos" WHERE "todos"."id" = ? LIMIT ?[0m  [["id", 2], ["LIMIT", 1]]
  ↳ app/controllers/api/v1/todos_controller.rb:45:in `set_todo'
  [1m[35m (0.0ms)[0m  [1m[36mbegin transaction[0m
  ↳ app/controllers/api/v1/todos_controller.rb:38:in `destroy'
  [1m[36mTodo Destroy (0.2ms)[0m  [1m[31mDELETE FROM "todos" WHERE "todos"."id" = ?[0m  [["id", 2]]
  ↳ app/controllers/api/v1/todos_controller.rb:38:in `destroy'
  [1m[35m (6.6ms)[0m  [1m[36mcommit transaction[0m
  ↳ app/controllers/api/v1/todos_controller.rb:38:in `destroy'
Completed 204 No Content in 11ms (ActiveRecord: 7.0ms | Allocations: 4321)


Started GET "/api/v1/todos" for ::1 at 2020-12-06 01:43:34 -0500
Processing by Api::V1::TodosController#index as HTML
  [1m[36mTodo Load (0.1ms)[0m  [1m[34mSELECT "todos".* FROM "todos"[0m
  ↳ app/controllers/api/v1/todos_controller.rb:8:in `index'
Completed 200 OK in 1ms (Views: 1.0ms | ActiveRecord: 0.1ms | Allocations: 796)


Started GET "/api/v1/todos" for ::1 at 2020-12-06 01:45:32 -0500
Processing by Api::V1::TodosController#index as HTML
  [1m[36mTodo Load (0.1ms)[0m  [1m[34mSELECT "todos".* FROM "todos"[0m
  ↳ app/controllers/api/v1/todos_controller.rb:8:in `index'
Completed 200 OK in 1ms (Views: 1.1ms | ActiveRecord: 0.1ms | Allocations: 796)


Started GET "/api/v1/todos" for ::1 at 2020-12-06 01:45:44 -0500
Processing by Api::V1::TodosController#index as HTML
  [1m[36mTodo Load (0.1ms)[0m  [1m[34mSELECT "todos".* FROM "todos"[0m
  ↳ app/controllers/api/v1/todos_controller.rb:8:in `index'
Completed 200 OK in 1ms (Views: 1.1ms | ActiveRecord: 0.1ms | Allocations: 796)


Started POST "/api/v1/todos" for ::1 at 2020-12-06 01:45:48 -0500
Processing by Api::V1::TodosController#create as HTML
  Parameters: {"todo"=>{"title"=>"Test", "completed"=>false}}
[31mUnpermitted parameter: :completed[0m
  [1m[35m (0.1ms)[0m  [1m[36mbegin transaction[0m
  ↳ app/controllers/api/v1/todos_controller.rb:20:in `create'
  [1m[36mTodo Create (0.3ms)[0m  [1m[32mINSERT INTO "todos" ("title", "created_at", "updated_at") VALUES (?, ?, ?)[0m  [["title", "Test"], ["created_at", "2020-12-06 06:45:48.787753"], ["updated_at", "2020-12-06 06:45:48.787753"]]
  ↳ app/controllers/api/v1/todos_controller.rb:20:in `create'
  [1m[35m (6.5ms)[0m  [1m[36mcommit transaction[0m
  ↳ app/controllers/api/v1/todos_controller.rb:20:in `create'
Completed 500 Internal Server Error in 45ms (ActiveRecord: 6.8ms | Allocations: 34502)


  
NoMethodError (undefined method `todo_url' for #<Api::V1::TodosController:0x00007f7530071078>):
  
app/controllers/api/v1/todos_controller.rb:21:in `create'
Started GET "/api/v1/todos" for ::1 at 2020-12-06 01:46:00 -0500
Processing by Api::V1::TodosController#index as HTML
  [1m[36mTodo Load (0.1ms)[0m  [1m[34mSELECT "todos".* FROM "todos"[0m
  ↳ app/controllers/api/v1/todos_controller.rb:8:in `index'
Completed 200 OK in 2ms (Views: 1.4ms | ActiveRecord: 0.1ms | Allocations: 916)


Started DELETE "/api/v1/todos/3" for ::1 at 2020-12-06 01:46:11 -0500
  [1m[35m (0.1ms)[0m  [1m[34mSELECT sqlite_version(*)[0m
Processing by Api::V1::TodosController#destroy as HTML
  Parameters: {"id"=>"3"}
  [1m[36mTodo Load (0.1ms)[0m  [1m[34mSELECT "todos".* FROM "todos" WHERE "todos"."id" = ? LIMIT ?[0m  [["id", 3], ["LIMIT", 1]]
  ↳ app/controllers/api/v1/todos_controller.rb:45:in `set_todo'
  [1m[35m (0.0ms)[0m  [1m[36mbegin transaction[0m
  ↳ app/controllers/api/v1/todos_controller.rb:38:in `destroy'
  [1m[36mTodo Destroy (0.2ms)[0m  [1m[31mDELETE FROM "todos" WHERE "todos"."id" = ?[0m  [["id", 3]]
  ↳ app/controllers/api/v1/todos_controller.rb:38:in `destroy'
  [1m[35m (6.6ms)[0m  [1m[36mcommit transaction[0m
  ↳ app/controllers/api/v1/todos_controller.rb:38:in `destroy'
Completed 204 No Content in 16ms (ActiveRecord: 7.3ms | Allocations: 7716)


Started GET "/api/v1/todos" for ::1 at 2020-12-06 01:46:12 -0500
Processing by Api::V1::TodosController#index as HTML
  [1m[36mTodo Load (0.2ms)[0m  [1m[34mSELECT "todos".* FROM "todos"[0m
  ↳ app/controllers/api/v1/todos_controller.rb:8:in `index'
Completed 200 OK in 1ms (Views: 1.1ms | ActiveRecord: 0.2ms | Allocations: 819)


Started POST "/api/v1/todos" for ::1 at 2020-12-06 01:46:14 -0500
Processing by Api::V1::TodosController#create as HTML
  Parameters: {"todo"=>{"title"=>"test", "completed"=>false}}
  [1m[35m (0.1ms)[0m  [1m[36mbegin transaction[0m
  ↳ app/controllers/api/v1/todos_controller.rb:20:in `create'
  [1m[36mTodo Create (0.2ms)[0m  [1m[32mINSERT INTO "todos" ("title", "created_at", "updated_at") VALUES (?, ?, ?)[0m  [["title", "test"], ["created_at", "2020-12-06 06:46:14.332666"], ["updated_at", "2020-12-06 06:46:14.332666"]]
  ↳ app/controllers/api/v1/todos_controller.rb:20:in `create'
  [1m[35m (6.1ms)[0m  [1m[36mcommit transaction[0m
  ↳ app/controllers/api/v1/todos_controller.rb:20:in `create'
Completed 500 Internal Server Error in 44ms (ActiveRecord: 6.3ms | Allocations: 34468)


  
NoMethodError (undefined method `todo_url' for #<Api::V1::TodosController:0x00007f7531137a60>):
  
app/controllers/api/v1/todos_controller.rb:21:in `create'
Started GET "/api/v1/todos" for ::1 at 2020-12-06 01:46:22 -0500
Processing by Api::V1::TodosController#index as HTML
  [1m[36mTodo Load (0.1ms)[0m  [1m[34mSELECT "todos".* FROM "todos"[0m
  ↳ app/controllers/api/v1/todos_controller.rb:8:in `index'
Completed 200 OK in 2ms (Views: 1.3ms | ActiveRecord: 0.1ms | Allocations: 920)


Started DELETE "/api/v1/todos/4" for ::1 at 2020-12-06 01:46:23 -0500
Processing by Api::V1::TodosController#destroy as HTML
  Parameters: {"id"=>"4"}
  [1m[36mTodo Load (0.1ms)[0m  [1m[34mSELECT "todos".* FROM "todos" WHERE "todos"."id" = ? LIMIT ?[0m  [["id", 4], ["LIMIT", 1]]
  ↳ app/controllers/api/v1/todos_controller.rb:45:in `set_todo'
  [1m[35m (0.0ms)[0m  [1m[36mbegin transaction[0m
  ↳ app/controllers/api/v1/todos_controller.rb:38:in `destroy'
  [1m[36mTodo Destroy (0.2ms)[0m  [1m[31mDELETE FROM "todos" WHERE "todos"."id" = ?[0m  [["id", 4]]
  ↳ app/controllers/api/v1/todos_controller.rb:38:in `destroy'
  [1m[35m (6.6ms)[0m  [1m[36mcommit transaction[0m
  ↳ app/controllers/api/v1/todos_controller.rb:38:in `destroy'
Completed 204 No Content in 11ms (ActiveRecord: 6.9ms | Allocations: 4322)


Started POST "/api/v1/todos" for ::1 at 2020-12-06 01:46:25 -0500
Processing by Api::V1::TodosController#create as HTML
  Parameters: {"todo"=>{"title"=>"f", "completed"=>false}}
  [1m[35m (0.1ms)[0m  [1m[36mbegin transaction[0m
  ↳ app/controllers/api/v1/todos_controller.rb:20:in `create'
  [1m[36mTodo Create (0.2ms)[0m  [1m[32mINSERT INTO "todos" ("title", "created_at", "updated_at") VALUES (?, ?, ?)[0m  [["title", "f"], ["created_at", "2020-12-06 06:46:25.541236"], ["updated_at", "2020-12-06 06:46:25.541236"]]
  ↳ app/controllers/api/v1/todos_controller.rb:20:in `create'
  [1m[35m (6.9ms)[0m  [1m[36mcommit transaction[0m
  ↳ app/controllers/api/v1/todos_controller.rb:20:in `create'
Completed 500 Internal Server Error in 40ms (ActiveRecord: 7.2ms | Allocations: 34417)


  
NoMethodError (undefined method `todo_url' for #<Api::V1::TodosController:0x00007f7531da3088>):
  
app/controllers/api/v1/todos_controller.rb:21:in `create'
Started GET "/api/v1/todos" for ::1 at 2020-12-06 01:46:27 -0500
Processing by Api::V1::TodosController#index as HTML
  [1m[36mTodo Load (0.1ms)[0m  [1m[34mSELECT "todos".* FROM "todos"[0m
  ↳ app/controllers/api/v1/todos_controller.rb:8:in `index'
Completed 200 OK in 2ms (Views: 1.3ms | ActiveRecord: 0.1ms | Allocations: 916)


Started DELETE "/api/v1/todos/5" for ::1 at 2020-12-06 01:46:29 -0500
Processing by Api::V1::TodosController#destroy as HTML
  Parameters: {"id"=>"5"}
  [1m[36mTodo Load (0.1ms)[0m  [1m[34mSELECT "todos".* FROM "todos" WHERE "todos"."id" = ? LIMIT ?[0m  [["id", 5], ["LIMIT", 1]]
  ↳ app/controllers/api/v1/todos_controller.rb:45:in `set_todo'
  [1m[35m (0.0ms)[0m  [1m[36mbegin transaction[0m
  ↳ app/controllers/api/v1/todos_controller.rb:38:in `destroy'
  [1m[36mTodo Destroy (0.2ms)[0m  [1m[31mDELETE FROM "todos" WHERE "todos"."id" = ?[0m  [["id", 5]]
  ↳ app/controllers/api/v1/todos_controller.rb:38:in `destroy'
  [1m[35m (7.1ms)[0m  [1m[36mcommit transaction[0m
  ↳ app/controllers/api/v1/todos_controller.rb:38:in `destroy'
Completed 204 No Content in 12ms (ActiveRecord: 7.4ms | Allocations: 4321)


Started POST "/api/v1/todos" for ::1 at 2020-12-06 01:47:56 -0500
  [1m[35m (0.0ms)[0m  [1m[34mSELECT sqlite_version(*)[0m
Processing by Api::V1::TodosController#create as HTML
  Parameters: {"todo"=>{"title"=>"hi", "completed"=>false}}
  [1m[35m (0.0ms)[0m  [1m[36mbegin transaction[0m
  ↳ app/controllers/api/v1/todos_controller.rb:20:in `create'
  [1m[36mTodo Create (0.2ms)[0m  [1m[32mINSERT INTO "todos" ("title", "created_at", "updated_at") VALUES (?, ?, ?)[0m  [["title", "hi"], ["created_at", "2020-12-06 06:47:56.975309"], ["updated_at", "2020-12-06 06:47:56.975309"]]
  ↳ app/controllers/api/v1/todos_controller.rb:20:in `create'
  [1m[35m (6.4ms)[0m  [1m[36mcommit transaction[0m
  ↳ app/controllers/api/v1/todos_controller.rb:20:in `create'
Completed 201 Created in 14ms (Views: 0.2ms | ActiveRecord: 6.9ms | Allocations: 7417)


Started POST "/api/v1/todos" for ::1 at 2020-12-06 01:47:59 -0500
Processing by Api::V1::TodosController#create as HTML
  Parameters: {"todo"=>{"title"=>"42", "completed"=>false}}
  [1m[35m (0.1ms)[0m  [1m[36mbegin transaction[0m
  ↳ app/controllers/api/v1/todos_controller.rb:20:in `create'
  [1m[36mTodo Create (0.2ms)[0m  [1m[32mINSERT INTO "todos" ("title", "created_at", "updated_at") VALUES (?, ?, ?)[0m  [["title", "42"], ["created_at", "2020-12-06 06:47:59.329418"], ["updated_at", "2020-12-06 06:47:59.329418"]]
  ↳ app/controllers/api/v1/todos_controller.rb:20:in `create'
  [1m[35m (6.3ms)[0m  [1m[36mcommit transaction[0m
  ↳ app/controllers/api/v1/todos_controller.rb:20:in `create'
Completed 201 Created in 11ms (Views: 0.2ms | ActiveRecord: 6.6ms | Allocations: 4403)


Started DELETE "/api/v1/todos/6" for ::1 at 2020-12-06 01:48:01 -0500
Processing by Api::V1::TodosController#destroy as HTML
  Parameters: {"id"=>"6"}
  [1m[36mTodo Load (0.2ms)[0m  [1m[34mSELECT "todos".* FROM "todos" WHERE "todos"."id" = ? LIMIT ?[0m  [["id", 6], ["LIMIT", 1]]
  ↳ app/controllers/api/v1/todos_controller.rb:45:in `set_todo'
  [1m[35m (0.0ms)[0m  [1m[36mbegin transaction[0m
  ↳ app/controllers/api/v1/todos_controller.rb:38:in `destroy'
  [1m[36mTodo Destroy (0.2ms)[0m  [1m[31mDELETE FROM "todos" WHERE "todos"."id" = ?[0m  [["id", 6]]
  ↳ app/controllers/api/v1/todos_controller.rb:38:in `destroy'
  [1m[35m (6.7ms)[0m  [1m[36mcommit transaction[0m
  ↳ app/controllers/api/v1/todos_controller.rb:38:in `destroy'
Completed 204 No Content in 12ms (ActiveRecord: 7.0ms | Allocations: 4458)


Started GET "/api/v1/todos" for ::1 at 2020-12-06 01:48:04 -0500
Processing by Api::V1::TodosController#index as HTML
  [1m[36mTodo Load (0.2ms)[0m  [1m[34mSELECT "todos".* FROM "todos"[0m
  ↳ app/controllers/api/v1/todos_controller.rb:8:in `index'
Completed 200 OK in 2ms (Views: 1.4ms | ActiveRecord: 0.2ms | Allocations: 933)


Started DELETE "/api/v1/todos/7" for ::1 at 2020-12-06 01:48:05 -0500
Processing by Api::V1::TodosController#destroy as HTML
  Parameters: {"id"=>"7"}
  [1m[36mTodo Load (0.1ms)[0m  [1m[34mSELECT "todos".* FROM "todos" WHERE "todos"."id" = ? LIMIT ?[0m  [["id", 7], ["LIMIT", 1]]
  ↳ app/controllers/api/v1/todos_controller.rb:45:in `set_todo'
  [1m[35m (0.0ms)[0m  [1m[36mbegin transaction[0m
  ↳ app/controllers/api/v1/todos_controller.rb:38:in `destroy'
  [1m[36mTodo Destroy (0.3ms)[0m  [1m[31mDELETE FROM "todos" WHERE "todos"."id" = ?[0m  [["id", 7]]
  ↳ app/controllers/api/v1/todos_controller.rb:38:in `destroy'
  [1m[35m (6.4ms)[0m  [1m[36mcommit transaction[0m
  ↳ app/controllers/api/v1/todos_controller.rb:38:in `destroy'
Completed 204 No Content in 11ms (ActiveRecord: 6.7ms | Allocations: 3799)


Started POST "/api/v1/todos" for ::1 at 2020-12-06 01:48:06 -0500
Processing by Api::V1::TodosController#create as HTML
  Parameters: {"todo"=>{"title"=>"1", "completed"=>false}}
  [1m[35m (0.1ms)[0m  [1m[36mbegin transaction[0m
  ↳ app/controllers/api/v1/todos_controller.rb:20:in `create'
  [1m[36mTodo Create (0.2ms)[0m  [1m[32mINSERT INTO "todos" ("title", "created_at", "updated_at") VALUES (?, ?, ?)[0m  [["title", "1"], ["created_at", "2020-12-06 06:48:06.910587"], ["updated_at", "2020-12-06 06:48:06.910587"]]
  ↳ app/controllers/api/v1/todos_controller.rb:20:in `create'
  [1m[35m (6.4ms)[0m  [1m[36mcommit transaction[0m
  ↳ app/controllers/api/v1/todos_controller.rb:20:in `create'
Completed 201 Created in 11ms (Views: 0.2ms | ActiveRecord: 6.7ms | Allocations: 4405)


Started POST "/api/v1/todos" for ::1 at 2020-12-06 01:48:08 -0500
Processing by Api::V1::TodosController#create as HTML
  Parameters: {"todo"=>{"title"=>"2", "completed"=>false}}
  [1m[35m (0.1ms)[0m  [1m[36mbegin transaction[0m
  ↳ app/controllers/api/v1/todos_controller.rb:20:in `create'
  [1m[36mTodo Create (0.2ms)[0m  [1m[32mINSERT INTO "todos" ("title", "created_at", "updated_at") VALUES (?, ?, ?)[0m  [["title", "2"], ["created_at", "2020-12-06 06:48:08.453084"], ["updated_at", "2020-12-06 06:48:08.453084"]]
  ↳ app/controllers/api/v1/todos_controller.rb:20:in `create'
  [1m[35m (6.5ms)[0m  [1m[36mcommit transaction[0m
  ↳ app/controllers/api/v1/todos_controller.rb:20:in `create'
Completed 201 Created in 11ms (Views: 0.2ms | ActiveRecord: 6.8ms | Allocations: 4369)


Started POST "/api/v1/todos" for ::1 at 2020-12-06 01:48:09 -0500
Processing by Api::V1::TodosController#create as HTML
  Parameters: {"todo"=>{"title"=>"3", "completed"=>false}}
  [1m[35m (0.1ms)[0m  [1m[36mbegin transaction[0m
  ↳ app/controllers/api/v1/todos_controller.rb:20:in `create'
  [1m[36mTodo Create (0.2ms)[0m  [1m[32mINSERT INTO "todos" ("title", "created_at", "updated_at") VALUES (?, ?, ?)[0m  [["title", "3"], ["created_at", "2020-12-06 06:48:09.231111"], ["updated_at", "2020-12-06 06:48:09.231111"]]
  ↳ app/controllers/api/v1/todos_controller.rb:20:in `create'
  [1m[35m (6.7ms)[0m  [1m[36mcommit transaction[0m
  ↳ app/controllers/api/v1/todos_controller.rb:20:in `create'
Completed 201 Created in 12ms (Views: 0.5ms | ActiveRecord: 7.0ms | Allocations: 4403)


Started POST "/api/v1/todos" for ::1 at 2020-12-06 01:48:09 -0500
Processing by Api::V1::TodosController#create as HTML
  Parameters: {"todo"=>{"title"=>"4", "completed"=>false}}
  [1m[35m (0.1ms)[0m  [1m[36mbegin transaction[0m
  ↳ app/controllers/api/v1/todos_controller.rb:20:in `create'
  [1m[36mTodo Create (0.2ms)[0m  [1m[32mINSERT INTO "todos" ("title", "created_at", "updated_at") VALUES (?, ?, ?)[0m  [["title", "4"], ["created_at", "2020-12-06 06:48:10.001393"], ["updated_at", "2020-12-06 06:48:10.001393"]]
  ↳ app/controllers/api/v1/todos_controller.rb:20:in `create'
  [1m[35m (6.5ms)[0m  [1m[36mcommit transaction[0m
  ↳ app/controllers/api/v1/todos_controller.rb:20:in `create'
Completed 201 Created in 12ms (Views: 0.2ms | ActiveRecord: 6.8ms | Allocations: 4403)


Started POST "/api/v1/todos" for ::1 at 2020-12-06 01:48:10 -0500
Processing by Api::V1::TodosController#create as HTML
  Parameters: {"todo"=>{"title"=>"5", "completed"=>false}}
  [1m[35m (0.1ms)[0m  [1m[36mbegin transaction[0m
  ↳ app/controllers/api/v1/todos_controller.rb:20:in `create'
  [1m[36mTodo Create (0.3ms)[0m  [1m[32mINSERT INTO "todos" ("title", "created_at", "updated_at") VALUES (?, ?, ?)[0m  [["title", "5"], ["created_at", "2020-12-06 06:48:10.758693"], ["updated_at", "2020-12-06 06:48:10.758693"]]
  ↳ app/controllers/api/v1/todos_controller.rb:20:in `create'
  [1m[35m (6.5ms)[0m  [1m[36mcommit transaction[0m
  ↳ app/controllers/api/v1/todos_controller.rb:20:in `create'
Completed 201 Created in 12ms (Views: 0.2ms | ActiveRecord: 6.9ms | Allocations: 4403)


Started POST "/api/v1/todos" for ::1 at 2020-12-06 01:48:13 -0500
Processing by Api::V1::TodosController#create as HTML
  Parameters: {"todo"=>{"title"=>"6", "completed"=>false}}
  [1m[35m (0.1ms)[0m  [1m[36mbegin transaction[0m
  ↳ app/controllers/api/v1/todos_controller.rb:20:in `create'
  [1m[36mTodo Create (0.2ms)[0m  [1m[32mINSERT INTO "todos" ("title", "created_at", "updated_at") VALUES (?, ?, ?)[0m  [["title", "6"], ["created_at", "2020-12-06 06:48:13.359455"], ["updated_at", "2020-12-06 06:48:13.359455"]]
  ↳ app/controllers/api/v1/todos_controller.rb:20:in `create'
  [1m[35m (14.2ms)[0m  [1m[36mcommit transaction[0m
  ↳ app/controllers/api/v1/todos_controller.rb:20:in `create'
Completed 201 Created in 19ms (Views: 0.2ms | ActiveRecord: 14.5ms | Allocations: 4403)


Started GET "/api/v1/todos?_limit=5" for ::1 at 2020-12-06 01:48:15 -0500
Processing by Api::V1::TodosController#index as HTML
  Parameters: {"_limit"=>"5"}
  [1m[36mTodo Load (0.1ms)[0m  [1m[34mSELECT "todos".* FROM "todos"[0m
  ↳ app/controllers/api/v1/todos_controller.rb:8:in `index'
Completed 200 OK in 2ms (Views: 1.8ms | ActiveRecord: 0.1ms | Allocations: 1523)


Started GET "/api/v1/todos" for ::1 at 2020-12-06 01:49:42 -0500
  [1m[35m (0.0ms)[0m  [1m[34mSELECT sqlite_version(*)[0m
Processing by Api::V1::TodosController#index as HTML
  [1m[36mTodo Load (0.2ms)[0m  [1m[34mSELECT "todos".* FROM "todos"[0m
  ↳ app/controllers/api/v1/todos_controller.rb:11:in `index'
Completed 200 OK in 7ms (Views: 5.3ms | ActiveRecord: 0.5ms | Allocations: 4803)


Started GET "/api/v1/todos?_limit=5" for ::1 at 2020-12-06 01:49:43 -0500
Processing by Api::V1::TodosController#index as HTML
  Parameters: {"_limit"=>"5"}
  [1m[36mTodo Load (0.2ms)[0m  [1m[34mSELECT "todos".* FROM "todos" LIMIT ?[0m  [["LIMIT", 11]]
  [1m[36mCACHE Todo Load (0.0ms)[0m  [1m[34mSELECT "todos".* FROM "todos" LIMIT ?[0m  [["LIMIT", 11]]
Completed 500 Internal Server Error in 61ms (ActiveRecord: 0.0ms | Allocations: 62537)


  [1m[36mCACHE Todo Load (0.0ms)[0m  [1m[34mSELECT "todos".* FROM "todos" LIMIT ?[0m  [["LIMIT", 11]]
  
NameError (undefined local variable or method `_limit' for #<Api::V1::TodosController:0x0000560bb9313ec0>
Did you mean?  limit):
  
app/controllers/api/v1/todos_controller.rb:8:in `index'
Started GET "/api/v1/todos" for ::1 at 2020-12-06 01:50:43 -0500
  [1m[35m (0.0ms)[0m  [1m[34mSELECT sqlite_version(*)[0m
Processing by Api::V1::TodosController#index as HTML
  [1m[36mTodo Load (0.3ms)[0m  [1m[34mSELECT "todos".* FROM "todos"[0m
  ↳ app/controllers/api/v1/todos_controller.rb:12:in `index'
Completed 200 OK in 6ms (Views: 4.9ms | ActiveRecord: 0.6ms | Allocations: 4853)


Started GET "/api/v1/todos?_limit=5" for ::1 at 2020-12-06 01:50:46 -0500
Processing by Api::V1::TodosController#index as HTML
  Parameters: {"_limit"=>"5"}
  [1m[36mTodo Load (0.2ms)[0m  [1m[34mSELECT "todos".* FROM "todos" LIMIT ?[0m  [["LIMIT", 11]]
  [1m[36mCACHE Todo Load (0.0ms)[0m  [1m[34mSELECT "todos".* FROM "todos" LIMIT ?[0m  [["LIMIT", 11]]
Completed 500 Internal Server Error in 61ms (ActiveRecord: 0.0ms | Allocations: 62521)


  [1m[36mCACHE Todo Load (0.0ms)[0m  [1m[34mSELECT "todos".* FROM "todos" LIMIT ?[0m  [["LIMIT", 11]]
  
NameError (undefined local variable or method `_limit' for #<Api::V1::TodosController:0x00007f75300ef4a0>
Did you mean?  limit):
  
app/controllers/api/v1/todos_controller.rb:9:in `index'
Started GET "/api/v1/todos" for ::1 at 2020-12-06 01:50:55 -0500
Processing by Api::V1::TodosController#index as HTML
  [1m[36mTodo Load (0.1ms)[0m  [1m[34mSELECT "todos".* FROM "todos"[0m
  ↳ app/controllers/api/v1/todos_controller.rb:12:in `index'
Completed 200 OK in 2ms (Views: 1.8ms | ActiveRecord: 0.1ms | Allocations: 1534)


Started GET "/api/v1/todos?_limit=5" for ::1 at 2020-12-06 01:50:57 -0500
  [1m[35m (0.0ms)[0m  [1m[34mSELECT sqlite_version(*)[0m
Processing by Api::V1::TodosController#index as HTML
  Parameters: {"_limit"=>"5"}
  [1m[36mTodo Load (0.1ms)[0m  [1m[34mSELECT "todos".* FROM "todos" ORDER BY "todos"."id" DESC LIMIT ?[0m  [["LIMIT", 5]]
  ↳ app/controllers/api/v1/todos_controller.rb:10:in `index'
  [1m[36mTodo Load (0.1ms)[0m  [1m[34mSELECT "todos".* FROM "todos"[0m
  ↳ app/controllers/api/v1/todos_controller.rb:12:in `index'
Completed 200 OK in 8ms (Views: 1.2ms | ActiveRecord: 0.5ms | Allocations: 5589)


Started POST "/api/v1/todos" for ::1 at 2020-12-06 01:51:35 -0500
  [1m[35m (0.0ms)[0m  [1m[34mSELECT sqlite_version(*)[0m
Processing by Api::V1::TodosController#create as HTML
  Parameters: {"todo"=>{"title"=>"test", "completed"=>false}}
  [1m[35m (0.0ms)[0m  [1m[36mbegin transaction[0m
  ↳ app/controllers/api/v1/todos_controller.rb:25:in `create'
  [1m[36mTodo Create (0.2ms)[0m  [1m[32mINSERT INTO "todos" ("title", "created_at", "updated_at") VALUES (?, ?, ?)[0m  [["title", "test"], ["created_at", "2020-12-06 06:51:35.854176"], ["updated_at", "2020-12-06 06:51:35.854176"]]
  ↳ app/controllers/api/v1/todos_controller.rb:25:in `create'
  [1m[35m (6.6ms)[0m  [1m[36mcommit transaction[0m
  ↳ app/controllers/api/v1/todos_controller.rb:25:in `create'
Completed 201 Created in 15ms (Views: 0.3ms | ActiveRecord: 7.2ms | Allocations: 7387)


Started GET "/api/v1/todos" for ::1 at 2020-12-06 01:51:38 -0500
Processing by Api::V1::TodosController#index as HTML
Completed 500 Internal Server Error in 63ms (ActiveRecord: 0.0ms | Allocations: 59550)


  
NameError (undefined local variable or method `sdfsd' for #<Api::V1::TodosController:0x00007f7531d572c8>):
  
app/controllers/api/v1/todos_controller.rb:6:in `index'
Started GET "/api/v1/todos" for ::1 at 2020-12-06 01:51:51 -0500
  [1m[35m (0.1ms)[0m  [1m[34mSELECT sqlite_version(*)[0m
Processing by Api::V1::TodosController#index as HTML
  [1m[36mTodo Load (0.2ms)[0m  [1m[34mSELECT "todos".* FROM "todos"[0m
  ↳ app/controllers/api/v1/todos_controller.rb:13:in `index'
Completed 200 OK in 7ms (Views: 5.1ms | ActiveRecord: 0.6ms | Allocations: 4967)


Started GET "/api/v1/todos?_limit=5" for ::1 at 2020-12-06 01:51:57 -0500
Processing by Api::V1::TodosController#index as HTML
  Parameters: {"_limit"=>"5"}
  [1m[36mTodo Load (0.2ms)[0m  [1m[34mSELECT "todos".* FROM "todos" ORDER BY "todos"."id" DESC LIMIT ?[0m  [["LIMIT", 5]]
  ↳ app/controllers/api/v1/todos_controller.rb:11:in `index'
  [1m[36mTodo Load (0.1ms)[0m  [1m[34mSELECT "todos".* FROM "todos"[0m
  ↳ app/controllers/api/v1/todos_controller.rb:13:in `index'
Completed 200 OK in 3ms (Views: 1.4ms | ActiveRecord: 0.3ms | Allocations: 2354)


Started GET "/api/v1/todos" for ::1 at 2020-12-06 01:52:33 -0500
  [1m[35m (0.1ms)[0m  [1m[34mSELECT sqlite_version(*)[0m
Processing by Api::V1::TodosController#index as HTML
  [1m[36mTodo Load (0.2ms)[0m  [1m[34mSELECT "todos".* FROM "todos"[0m
  ↳ app/controllers/api/v1/todos_controller.rb:13:in `index'
Completed 200 OK in 11ms (Views: 9.2ms | ActiveRecord: 0.5ms | Allocations: 4944)


Started GET "/api/v1/todos?_limit=100" for ::1 at 2020-12-06 01:52:36 -0500
Processing by Api::V1::TodosController#index as HTML
  Parameters: {"_limit"=>"100"}
  [1m[36mTodo Load (0.2ms)[0m  [1m[34mSELECT "todos".* FROM "todos" ORDER BY "todos"."id" DESC LIMIT ?[0m  [["LIMIT", 100]]
  ↳ app/controllers/api/v1/todos_controller.rb:11:in `index'
  [1m[36mTodo Load (0.0ms)[0m  [1m[34mSELECT "todos".* FROM "todos"[0m
  ↳ app/controllers/api/v1/todos_controller.rb:13:in `index'
Completed 200 OK in 3ms (Views: 1.3ms | ActiveRecord: 0.2ms | Allocations: 2366)


Started GET "/api/v1/todos?_limit=5" for ::1 at 2020-12-06 01:52:39 -0500
Processing by Api::V1::TodosController#index as HTML
  Parameters: {"_limit"=>"5"}
  [1m[36mTodo Load (0.1ms)[0m  [1m[34mSELECT "todos".* FROM "todos" ORDER BY "todos"."id" DESC LIMIT ?[0m  [["LIMIT", 5]]
  ↳ app/controllers/api/v1/todos_controller.rb:11:in `index'
  [1m[36mTodo Load (0.0ms)[0m  [1m[34mSELECT "todos".* FROM "todos"[0m
  ↳ app/controllers/api/v1/todos_controller.rb:13:in `index'
Completed 200 OK in 3ms (Views: 1.5ms | ActiveRecord: 0.1ms | Allocations: 2306)


Started GET "/api/v1/todos" for ::1 at 2020-12-06 01:52:50 -0500
  [1m[35m (0.1ms)[0m  [1m[34mSELECT sqlite_version(*)[0m
Processing by Api::V1::TodosController#index as HTML
  [1m[36mTodo Load (0.2ms)[0m  [1m[34mSELECT "todos".* FROM "todos"[0m
  ↳ app/controllers/api/v1/todos_controller.rb:12:in `index'
Completed 200 OK in 7ms (Views: 5.1ms | ActiveRecord: 0.7ms | Allocations: 4925)


Started GET "/api/v1/todos?_limit=5" for ::1 at 2020-12-06 01:52:53 -0500
  [1m[35m (0.0ms)[0m  [1m[34mSELECT sqlite_version(*)[0m
Processing by Api::V1::TodosController#index as HTML
  Parameters: {"_limit"=>"5"}
  [1m[36mTodo Load (0.1ms)[0m  [1m[34mSELECT "todos".* FROM "todos" ORDER BY "todos"."id" DESC LIMIT ?[0m  [["LIMIT", 5]]
  ↳ app/controllers/api/v1/todos_controller.rb:10:in `index'
Completed 200 OK in 5ms (Views: 0.6ms | ActiveRecord: 0.4ms | Allocations: 4602)


Started DELETE "/api/v1/todos/14" for ::1 at 2020-12-06 01:52:58 -0500
Processing by Api::V1::TodosController#destroy as HTML
  Parameters: {"id"=>"14"}
  [1m[36mTodo Load (0.2ms)[0m  [1m[34mSELECT "todos".* FROM "todos" WHERE "todos"."id" = ? LIMIT ?[0m  [["id", 14], ["LIMIT", 1]]
  ↳ app/controllers/api/v1/todos_controller.rb:49:in `set_todo'
  [1m[35m (0.0ms)[0m  [1m[36mbegin transaction[0m
  ↳ app/controllers/api/v1/todos_controller.rb:42:in `destroy'
  [1m[36mTodo Destroy (0.2ms)[0m  [1m[31mDELETE FROM "todos" WHERE "todos"."id" = ?[0m  [["id", 14]]
  ↳ app/controllers/api/v1/todos_controller.rb:42:in `destroy'
  [1m[35m (6.6ms)[0m  [1m[36mcommit transaction[0m
  ↳ app/controllers/api/v1/todos_controller.rb:42:in `destroy'
Completed 204 No Content in 12ms (ActiveRecord: 7.1ms | Allocations: 4442)


Started DELETE "/api/v1/todos/13" for ::1 at 2020-12-06 01:52:59 -0500
Processing by Api::V1::TodosController#destroy as HTML
  Parameters: {"id"=>"13"}
  [1m[36mTodo Load (0.1ms)[0m  [1m[34mSELECT "todos".* FROM "todos" WHERE "todos"."id" = ? LIMIT ?[0m  [["id", 13], ["LIMIT", 1]]
  ↳ app/controllers/api/v1/todos_controller.rb:49:in `set_todo'
  [1m[35m (0.0ms)[0m  [1m[36mbegin transaction[0m
  ↳ app/controllers/api/v1/todos_controller.rb:42:in `destroy'
  [1m[36mTodo Destroy (0.2ms)[0m  [1m[31mDELETE FROM "todos" WHERE "todos"."id" = ?[0m  [["id", 13]]
  ↳ app/controllers/api/v1/todos_controller.rb:42:in `destroy'
  [1m[35m (7.0ms)[0m  [1m[36mcommit transaction[0m
  ↳ app/controllers/api/v1/todos_controller.rb:42:in `destroy'
Completed 204 No Content in 11ms (ActiveRecord: 7.3ms | Allocations: 4321)


Started GET "/api/v1/todos" for ::1 at 2020-12-06 01:52:59 -0500
Processing by Api::V1::TodosController#index as HTML
  [1m[36mTodo Load (0.2ms)[0m  [1m[34mSELECT "todos".* FROM "todos"[0m
  ↳ app/controllers/api/v1/todos_controller.rb:12:in `index'
Completed 200 OK in 2ms (Views: 1.8ms | ActiveRecord: 0.2ms | Allocations: 1429)


Started DELETE "/api/v1/todos/12" for ::1 at 2020-12-06 01:53:01 -0500
Processing by Api::V1::TodosController#destroy as HTML
  Parameters: {"id"=>"12"}
  [1m[36mTodo Load (0.1ms)[0m  [1m[34mSELECT "todos".* FROM "todos" WHERE "todos"."id" = ? LIMIT ?[0m  [["id", 12], ["LIMIT", 1]]
  ↳ app/controllers/api/v1/todos_controller.rb:49:in `set_todo'
  [1m[35m (0.0ms)[0m  [1m[36mbegin transaction[0m
  ↳ app/controllers/api/v1/todos_controller.rb:42:in `destroy'
  [1m[36mTodo Destroy (0.3ms)[0m  [1m[31mDELETE FROM "todos" WHERE "todos"."id" = ?[0m  [["id", 12]]
  ↳ app/controllers/api/v1/todos_controller.rb:42:in `destroy'
  [1m[35m (6.7ms)[0m  [1m[36mcommit transaction[0m
  ↳ app/controllers/api/v1/todos_controller.rb:42:in `destroy'
Completed 204 No Content in 11ms (ActiveRecord: 7.1ms | Allocations: 4321)


Started DELETE "/api/v1/todos/11" for ::1 at 2020-12-06 01:53:02 -0500
Processing by Api::V1::TodosController#destroy as HTML
  Parameters: {"id"=>"11"}
  [1m[36mTodo Load (0.1ms)[0m  [1m[34mSELECT "todos".* FROM "todos" WHERE "todos"."id" = ? LIMIT ?[0m  [["id", 11], ["LIMIT", 1]]
  ↳ app/controllers/api/v1/todos_controller.rb:49:in `set_todo'
  [1m[35m (0.0ms)[0m  [1m[36mbegin transaction[0m
  ↳ app/controllers/api/v1/todos_controller.rb:42:in `destroy'
  [1m[36mTodo Destroy (0.2ms)[0m  [1m[31mDELETE FROM "todos" WHERE "todos"."id" = ?[0m  [["id", 11]]
  ↳ app/controllers/api/v1/todos_controller.rb:42:in `destroy'
  [1m[35m (6.5ms)[0m  [1m[36mcommit transaction[0m
  ↳ app/controllers/api/v1/todos_controller.rb:42:in `destroy'
Completed 204 No Content in 11ms (ActiveRecord: 6.9ms | Allocations: 4321)


Started POST "/api/v1/todos" for ::1 at 2020-12-06 01:53:04 -0500
Processing by Api::V1::TodosController#create as HTML
  Parameters: {"todo"=>{"title"=>"4", "completed"=>false}}
  [1m[35m (0.1ms)[0m  [1m[36mbegin transaction[0m
  ↳ app/controllers/api/v1/todos_controller.rb:24:in `create'
  [1m[36mTodo Create (0.2ms)[0m  [1m[32mINSERT INTO "todos" ("title", "created_at", "updated_at") VALUES (?, ?, ?)[0m  [["title", "4"], ["created_at", "2020-12-06 06:53:04.448524"], ["updated_at", "2020-12-06 06:53:04.448524"]]
  ↳ app/controllers/api/v1/todos_controller.rb:24:in `create'
  [1m[35m (13.4ms)[0m  [1m[36mcommit transaction[0m
  ↳ app/controllers/api/v1/todos_controller.rb:24:in `create'
Completed 201 Created in 18ms (Views: 0.2ms | ActiveRecord: 13.7ms | Allocations: 4418)


Started POST "/api/v1/todos" for ::1 at 2020-12-06 01:53:06 -0500
Processing by Api::V1::TodosController#create as HTML
  Parameters: {"todo"=>{"title"=>"5", "completed"=>false}}
  [1m[35m (0.1ms)[0m  [1m[36mbegin transaction[0m
  ↳ app/controllers/api/v1/todos_controller.rb:24:in `create'
  [1m[36mTodo Create (0.2ms)[0m  [1m[32mINSERT INTO "todos" ("title", "created_at", "updated_at") VALUES (?, ?, ?)[0m  [["title", "5"], ["created_at", "2020-12-06 06:53:06.269844"], ["updated_at", "2020-12-06 06:53:06.269844"]]
  ↳ app/controllers/api/v1/todos_controller.rb:24:in `create'
  [1m[35m (8.5ms)[0m  [1m[36mcommit transaction[0m
  ↳ app/controllers/api/v1/todos_controller.rb:24:in `create'
Completed 201 Created in 13ms (Views: 0.2ms | ActiveRecord: 8.8ms | Allocations: 4373)


Started POST "/api/v1/todos" for ::1 at 2020-12-06 01:53:08 -0500
Processing by Api::V1::TodosController#create as HTML
  Parameters: {"todo"=>{"title"=>"6", "completed"=>false}}
  [1m[35m (0.1ms)[0m  [1m[36mbegin transaction[0m
  ↳ app/controllers/api/v1/todos_controller.rb:24:in `create'
  [1m[36mTodo Create (0.3ms)[0m  [1m[32mINSERT INTO "todos" ("title", "created_at", "updated_at") VALUES (?, ?, ?)[0m  [["title", "6"], ["created_at", "2020-12-06 06:53:08.012622"], ["updated_at", "2020-12-06 06:53:08.012622"]]
  ↳ app/controllers/api/v1/todos_controller.rb:24:in `create'
  [1m[35m (13.8ms)[0m  [1m[36mcommit transaction[0m
  ↳ app/controllers/api/v1/todos_controller.rb:24:in `create'
Completed 201 Created in 19ms (Views: 0.2ms | ActiveRecord: 14.1ms | Allocations: 4407)


Started GET "/api/v1/todos" for ::1 at 2020-12-06 01:53:08 -0500
Processing by Api::V1::TodosController#index as HTML
  [1m[36mTodo Load (0.2ms)[0m  [1m[34mSELECT "todos".* FROM "todos"[0m
  ↳ app/controllers/api/v1/todos_controller.rb:12:in `index'
Completed 200 OK in 6ms (Views: 5.5ms | ActiveRecord: 0.2ms | Allocations: 1536)


Started GET "/api/v1/todos" for ::1 at 2020-12-06 01:53:18 -0500
  [1m[35m (0.0ms)[0m  [1m[34mSELECT sqlite_version(*)[0m
Processing by Api::V1::TodosController#index as HTML
  [1m[36mTodo Load (0.1ms)[0m  [1m[34mSELECT "todos".* FROM "todos"[0m
  ↳ app/controllers/api/v1/todos_controller.rb:12:in `index'
Completed 200 OK in 6ms (Views: 0.7ms | ActiveRecord: 0.5ms | Allocations: 4672)


Started POST "/api/v1/todos" for ::1 at 2020-12-06 01:53:30 -0500
Processing by Api::V1::TodosController#create as HTML
  Parameters: {"todo"=>{"title"=>"New Todo To Die Today", "completed"=>false}}
  [1m[35m (0.1ms)[0m  [1m[36mbegin transaction[0m
  ↳ app/controllers/api/v1/todos_controller.rb:24:in `create'
  [1m[36mTodo Create (0.2ms)[0m  [1m[32mINSERT INTO "todos" ("title", "created_at", "updated_at") VALUES (?, ?, ?)[0m  [["title", "New Todo To Die Today"], ["created_at", "2020-12-06 06:53:30.250937"], ["updated_at", "2020-12-06 06:53:30.250937"]]
  ↳ app/controllers/api/v1/todos_controller.rb:24:in `create'
  [1m[35m (6.3ms)[0m  [1m[36mcommit transaction[0m
  ↳ app/controllers/api/v1/todos_controller.rb:24:in `create'
Completed 201 Created in 12ms (Views: 0.2ms | ActiveRecord: 6.6ms | Allocations: 4418)


Started PUT "/api/v1/todos/18" for ::1 at 2020-12-06 01:53:33 -0500
Processing by Api::V1::TodosController#update as HTML
  Parameters: {"id"=>"18", "title"=>"New Todo To Die Today", "completed"=>true, "todo"=>{"id"=>"18", "title"=>"New Todo To Die Today", "completed"=>true}}
  [1m[36mTodo Load (0.2ms)[0m  [1m[34mSELECT "todos".* FROM "todos" WHERE "todos"."id" = ? LIMIT ?[0m  [["id", 18], ["LIMIT", 1]]
  ↳ app/controllers/api/v1/todos_controller.rb:49:in `set_todo'
[31mUnpermitted parameter: :id[0m
  [1m[35m (0.0ms)[0m  [1m[36mbegin transaction[0m
  ↳ app/controllers/api/v1/todos_controller.rb:33:in `update'
  [1m[36mTodo Update (0.2ms)[0m  [1m[33mUPDATE "todos" SET "completed" = ?, "updated_at" = ? WHERE "todos"."id" = ?[0m  [["completed", 1], ["updated_at", "2020-12-06 06:53:33.121649"], ["id", 18]]
  ↳ app/controllers/api/v1/todos_controller.rb:33:in `update'
  [1m[35m (13.7ms)[0m  [1m[36mcommit transaction[0m
  ↳ app/controllers/api/v1/todos_controller.rb:33:in `update'
Completed 200 OK in 20ms (Views: 0.2ms | ActiveRecord: 14.0ms | Allocations: 5173)


Started GET "/api/v1/todos" for ::1 at 2020-12-06 01:53:35 -0500
Processing by Api::V1::TodosController#index as HTML
  [1m[36mTodo Load (0.1ms)[0m  [1m[34mSELECT "todos".* FROM "todos"[0m
  ↳ app/controllers/api/v1/todos_controller.rb:12:in `index'
Completed 200 OK in 2ms (Views: 0.7ms | ActiveRecord: 0.1ms | Allocations: 1490)


Started GET "/api/v1/todos" for ::1 at 2020-12-06 01:53:46 -0500
  [1m[35m (0.1ms)[0m  [1m[34mSELECT sqlite_version(*)[0m
Processing by Api::V1::TodosController#index as HTML
  [1m[36mTodo Load (0.2ms)[0m  [1m[34mSELECT "todos".* FROM "todos"[0m
  ↳ app/controllers/api/v1/todos_controller.rb:12:in `index'
Completed 200 OK in 6ms (Views: 0.8ms | ActiveRecord: 0.5ms | Allocations: 4760)


Started PUT "/api/v1/todos/17" for ::1 at 2020-12-06 01:53:47 -0500
Processing by Api::V1::TodosController#update as HTML
  Parameters: {"id"=>"17", "title"=>"6", "completed"=>true, "todo"=>{"id"=>"17", "title"=>"6", "completed"=>true}}
  [1m[36mTodo Load (0.2ms)[0m  [1m[34mSELECT "todos".* FROM "todos" WHERE "todos"."id" = ? LIMIT ?[0m  [["id", 17], ["LIMIT", 1]]
  ↳ app/controllers/api/v1/todos_controller.rb:49:in `set_todo'
  [1m[35m (0.0ms)[0m  [1m[36mbegin transaction[0m
  ↳ app/controllers/api/v1/todos_controller.rb:33:in `update'
  [1m[36mTodo Update (0.2ms)[0m  [1m[33mUPDATE "todos" SET "completed" = ?, "updated_at" = ? WHERE "todos"."id" = ?[0m  [["completed", 1], ["updated_at", "2020-12-06 06:53:47.399012"], ["id", 17]]
  ↳ app/controllers/api/v1/todos_controller.rb:33:in `update'
  [1m[35m (13.3ms)[0m  [1m[36mcommit transaction[0m
  ↳ app/controllers/api/v1/todos_controller.rb:33:in `update'
Completed 200 OK in 20ms (Views: 0.2ms | ActiveRecord: 13.7ms | Allocations: 5135)


Started PUT "/api/v1/todos/16" for ::1 at 2020-12-06 01:53:49 -0500
Processing by Api::V1::TodosController#update as HTML
  Parameters: {"id"=>"16", "title"=>"5", "completed"=>true, "todo"=>{"id"=>"16", "title"=>"5", "completed"=>true}}
  [1m[36mTodo Load (0.1ms)[0m  [1m[34mSELECT "todos".* FROM "todos" WHERE "todos"."id" = ? LIMIT ?[0m  [["id", 16], ["LIMIT", 1]]
  ↳ app/controllers/api/v1/todos_controller.rb:49:in `set_todo'
  [1m[35m (0.0ms)[0m  [1m[36mbegin transaction[0m
  ↳ app/controllers/api/v1/todos_controller.rb:33:in `update'
  [1m[36mTodo Update (0.2ms)[0m  [1m[33mUPDATE "todos" SET "completed" = ?, "updated_at" = ? WHERE "todos"."id" = ?[0m  [["completed", 1], ["updated_at", "2020-12-06 06:53:49.446871"], ["id", 16]]
  ↳ app/controllers/api/v1/todos_controller.rb:33:in `update'
  [1m[35m (6.1ms)[0m  [1m[36mcommit transaction[0m
  ↳ app/controllers/api/v1/todos_controller.rb:33:in `update'
Completed 200 OK in 12ms (Views: 0.2ms | ActiveRecord: 6.4ms | Allocations: 5007)


Started GET "/api/v1/todos" for ::1 at 2020-12-06 01:53:50 -0500
Processing by Api::V1::TodosController#index as HTML
  [1m[36mTodo Load (0.1ms)[0m  [1m[34mSELECT "todos".* FROM "todos"[0m
  ↳ app/controllers/api/v1/todos_controller.rb:12:in `index'
Completed 200 OK in 2ms (Views: 0.8ms | ActiveRecord: 0.1ms | Allocations: 1490)


Started PUT "/api/v1/todos/17" for ::1 at 2020-12-06 01:53:51 -0500
Processing by Api::V1::TodosController#update as HTML
  Parameters: {"id"=>"17", "title"=>"6", "completed"=>false, "todo"=>{"id"=>"17", "title"=>"6", "completed"=>false}}
  [1m[36mTodo Load (0.1ms)[0m  [1m[34mSELECT "todos".* FROM "todos" WHERE "todos"."id" = ? LIMIT ?[0m  [["id", 17], ["LIMIT", 1]]
  ↳ app/controllers/api/v1/todos_controller.rb:49:in `set_todo'
  [1m[35m (0.0ms)[0m  [1m[36mbegin transaction[0m
  ↳ app/controllers/api/v1/todos_controller.rb:33:in `update'
  [1m[36mTodo Update (0.2ms)[0m  [1m[33mUPDATE "todos" SET "completed" = ?, "updated_at" = ? WHERE "todos"."id" = ?[0m  [["completed", 0], ["updated_at", "2020-12-06 06:53:51.236977"], ["id", 17]]
  ↳ app/controllers/api/v1/todos_controller.rb:33:in `update'
  [1m[35m (7.5ms)[0m  [1m[36mcommit transaction[0m
  ↳ app/controllers/api/v1/todos_controller.rb:33:in `update'
Completed 200 OK in 13ms (Views: 0.2ms | ActiveRecord: 7.8ms | Allocations: 5008)


Started PUT "/api/v1/todos/18" for ::1 at 2020-12-06 01:53:52 -0500
Processing by Api::V1::TodosController#update as HTML
  Parameters: {"id"=>"18", "title"=>"New Todo To Die Today", "completed"=>false, "todo"=>{"id"=>"18", "title"=>"New Todo To Die Today", "completed"=>false}}
  [1m[36mTodo Load (0.1ms)[0m  [1m[34mSELECT "todos".* FROM "todos" WHERE "todos"."id" = ? LIMIT ?[0m  [["id", 18], ["LIMIT", 1]]
  ↳ app/controllers/api/v1/todos_controller.rb:49:in `set_todo'
  [1m[35m (0.0ms)[0m  [1m[36mbegin transaction[0m
  ↳ app/controllers/api/v1/todos_controller.rb:33:in `update'
  [1m[36mTodo Update (0.2ms)[0m  [1m[33mUPDATE "todos" SET "completed" = ?, "updated_at" = ? WHERE "todos"."id" = ?[0m  [["completed", 0], ["updated_at", "2020-12-06 06:53:52.391922"], ["id", 18]]
  ↳ app/controllers/api/v1/todos_controller.rb:33:in `update'
  [1m[35m (8.7ms)[0m  [1m[36mcommit transaction[0m
  ↳ app/controllers/api/v1/todos_controller.rb:33:in `update'
Completed 200 OK in 14ms (Views: 0.2ms | ActiveRecord: 9.0ms | Allocations: 5007)


Started PUT "/api/v1/todos/16" for ::1 at 2020-12-06 01:53:53 -0500
Processing by Api::V1::TodosController#update as HTML
  Parameters: {"id"=>"16", "title"=>"5", "completed"=>false, "todo"=>{"id"=>"16", "title"=>"5", "completed"=>false}}
  [1m[36mTodo Load (0.1ms)[0m  [1m[34mSELECT "todos".* FROM "todos" WHERE "todos"."id" = ? LIMIT ?[0m  [["id", 16], ["LIMIT", 1]]
  ↳ app/controllers/api/v1/todos_controller.rb:49:in `set_todo'
  [1m[35m (0.0ms)[0m  [1m[36mbegin transaction[0m
  ↳ app/controllers/api/v1/todos_controller.rb:33:in `update'
  [1m[36mTodo Update (0.2ms)[0m  [1m[33mUPDATE "todos" SET "completed" = ?, "updated_at" = ? WHERE "todos"."id" = ?[0m  [["completed", 0], ["updated_at", "2020-12-06 06:53:53.224350"], ["id", 16]]
  ↳ app/controllers/api/v1/todos_controller.rb:33:in `update'
  [1m[35m (13.7ms)[0m  [1m[36mcommit transaction[0m
  ↳ app/controllers/api/v1/todos_controller.rb:33:in `update'
Completed 200 OK in 22ms (Views: 0.2ms | ActiveRecord: 14.1ms | Allocations: 5008)


Started GET "/api/v1/todos" for ::1 at 2020-12-06 01:53:54 -0500
Processing by Api::V1::TodosController#index as HTML
  [1m[36mTodo Load (0.1ms)[0m  [1m[34mSELECT "todos".* FROM "todos"[0m
  ↳ app/controllers/api/v1/todos_controller.rb:12:in `index'
Completed 200 OK in 2ms (Views: 0.7ms | ActiveRecord: 0.1ms | Allocations: 1490)


Started PUT "/api/v1/todos/18" for ::1 at 2020-12-06 01:54:02 -0500
Processing by Api::V1::TodosController#update as HTML
  Parameters: {"id"=>"18", "title"=>"New Todo To Die Today", "completed"=>true, "todo"=>{"id"=>"18", "title"=>"New Todo To Die Today", "completed"=>true}}
  [1m[36mTodo Load (0.1ms)[0m  [1m[34mSELECT "todos".* FROM "todos" WHERE "todos"."id" = ? LIMIT ?[0m  [["id", 18], ["LIMIT", 1]]
  ↳ app/controllers/api/v1/todos_controller.rb:49:in `set_todo'
  [1m[35m (0.0ms)[0m  [1m[36mbegin transaction[0m
  ↳ app/controllers/api/v1/todos_controller.rb:33:in `update'
  [1m[36mTodo Update (0.2ms)[0m  [1m[33mUPDATE "todos" SET "completed" = ?, "updated_at" = ? WHERE "todos"."id" = ?[0m  [["completed", 1], ["updated_at", "2020-12-06 06:54:02.150545"], ["id", 18]]
  ↳ app/controllers/api/v1/todos_controller.rb:33:in `update'
  [1m[35m (6.6ms)[0m  [1m[36mcommit transaction[0m
  ↳ app/controllers/api/v1/todos_controller.rb:33:in `update'
Completed 200 OK in 12ms (Views: 0.2ms | ActiveRecord: 6.9ms | Allocations: 4990)


Started PUT "/api/v1/todos/10" for ::1 at 2020-12-06 01:54:03 -0500
Processing by Api::V1::TodosController#update as HTML
  Parameters: {"id"=>"10", "title"=>"3", "completed"=>true, "todo"=>{"id"=>"10", "title"=>"3", "completed"=>true}}
  [1m[36mTodo Load (0.1ms)[0m  [1m[34mSELECT "todos".* FROM "todos" WHERE "todos"."id" = ? LIMIT ?[0m  [["id", 10], ["LIMIT", 1]]
  ↳ app/controllers/api/v1/todos_controller.rb:49:in `set_todo'
  [1m[35m (0.0ms)[0m  [1m[36mbegin transaction[0m
  ↳ app/controllers/api/v1/todos_controller.rb:33:in `update'
  [1m[36mTodo Update (0.2ms)[0m  [1m[33mUPDATE "todos" SET "completed" = ?, "updated_at" = ? WHERE "todos"."id" = ?[0m  [["completed", 1], ["updated_at", "2020-12-06 06:54:03.256440"], ["id", 10]]
  ↳ app/controllers/api/v1/todos_controller.rb:33:in `update'
  [1m[35m (6.4ms)[0m  [1m[36mcommit transaction[0m
  ↳ app/controllers/api/v1/todos_controller.rb:33:in `update'
Completed 200 OK in 12ms (Views: 0.2ms | ActiveRecord: 6.8ms | Allocations: 4990)


Started GET "/api/v1/todos" for ::1 at 2020-12-06 02:09:38 -0500
  [1m[35m (0.4ms)[0m  [1m[34mSELECT sqlite_version(*)[0m
  [1m[35m (0.1ms)[0m  [1m[34mSELECT "schema_migrations"."version" FROM "schema_migrations" ORDER BY "schema_migrations"."version" ASC[0m
Processing by Api::V1::TodosController#index as HTML
  [1m[36mTodo Load (0.1ms)[0m  [1m[34mSELECT "todos".* FROM "todos"[0m
  ↳ app/controllers/api/v1/todos_controller.rb:12:in `index'
Completed 200 OK in 14ms (Views: 1.0ms | ActiveRecord: 0.6ms | Allocations: 5074)


Started DELETE "/api/v1/todos/18" for ::1 at 2020-12-06 02:09:41 -0500
Processing by Api::V1::TodosController#destroy as HTML
  Parameters: {"id"=>"18"}
  [1m[36mTodo Load (0.2ms)[0m  [1m[34mSELECT "todos".* FROM "todos" WHERE "todos"."id" = ? LIMIT ?[0m  [["id", 18], ["LIMIT", 1]]
  ↳ app/controllers/api/v1/todos_controller.rb:49:in `set_todo'
  [1m[35m (0.0ms)[0m  [1m[36mbegin transaction[0m
  ↳ app/controllers/api/v1/todos_controller.rb:42:in `destroy'
  [1m[36mTodo Destroy (0.2ms)[0m  [1m[31mDELETE FROM "todos" WHERE "todos"."id" = ?[0m  [["id", 18]]
  ↳ app/controllers/api/v1/todos_controller.rb:42:in `destroy'
  [1m[35m (5.7ms)[0m  [1m[36mcommit transaction[0m
  ↳ app/controllers/api/v1/todos_controller.rb:42:in `destroy'
Completed 204 No Content in 12ms (ActiveRecord: 6.1ms | Allocations: 4784)


Started POST "/api/v1/todos" for ::1 at 2020-12-06 02:09:45 -0500
Processing by Api::V1::TodosController#create as HTML
  Parameters: {"todo"=>{"title"=>"Hello World!", "completed"=>false}}
  [1m[35m (0.1ms)[0m  [1m[36mbegin transaction[0m
  ↳ app/controllers/api/v1/todos_controller.rb:24:in `create'
  [1m[36mTodo Create (0.3ms)[0m  [1m[32mINSERT INTO "todos" ("title", "created_at", "updated_at") VALUES (?, ?, ?)[0m  [["title", "Hello World!"], ["created_at", "2020-12-06 07:09:45.017571"], ["updated_at", "2020-12-06 07:09:45.017571"]]
  ↳ app/controllers/api/v1/todos_controller.rb:24:in `create'
  [1m[35m (20.2ms)[0m  [1m[36mcommit transaction[0m
  ↳ app/controllers/api/v1/todos_controller.rb:24:in `create'
Completed 201 Created in 26ms (Views: 0.2ms | ActiveRecord: 20.5ms | Allocations: 4561)


Started GET "/api/v1/todos" for ::1 at 2020-12-06 02:10:20 -0500
Processing by Api::V1::TodosController#index as HTML
  [1m[36mTodo Load (0.1ms)[0m  [1m[34mSELECT "todos".* FROM "todos"[0m
  ↳ app/controllers/api/v1/todos_controller.rb:12:in `index'
Completed 200 OK in 2ms (Views: 1.0ms | ActiveRecord: 0.1ms | Allocations: 1506)


Started POST "/api/v1/todos" for ::1 at 2020-12-06 02:10:22 -0500
Processing by Api::V1::TodosController#create as HTML
  Parameters: {"todo"=>{"title"=>"test", "completed"=>false}}
  [1m[35m (0.1ms)[0m  [1m[36mbegin transaction[0m
  ↳ app/controllers/api/v1/todos_controller.rb:24:in `create'
  [1m[36mTodo Create (0.3ms)[0m  [1m[32mINSERT INTO "todos" ("title", "created_at", "updated_at") VALUES (?, ?, ?)[0m  [["title", "test"], ["created_at", "2020-12-06 07:10:22.588058"], ["updated_at", "2020-12-06 07:10:22.588058"]]
  ↳ app/controllers/api/v1/todos_controller.rb:24:in `create'
  [1m[35m (14.2ms)[0m  [1m[36mcommit transaction[0m
  ↳ app/controllers/api/v1/todos_controller.rb:24:in `create'
Completed 201 Created in 24ms (Views: 0.8ms | ActiveRecord: 14.5ms | Allocations: 3826)


Started GET "/api/v1/todos" for ::1 at 2020-12-06 02:10:42 -0500
Processing by Api::V1::TodosController#index as HTML
  [1m[36mTodo Load (0.1ms)[0m  [1m[34mSELECT "todos".* FROM "todos"[0m
  ↳ app/controllers/api/v1/todos_controller.rb:12:in `index'
Completed 200 OK in 6ms (Views: 2.9ms | ActiveRecord: 0.1ms | Allocations: 1611)


Started GET "/api/v1/todos" for ::1 at 2020-12-06 02:10:44 -0500
Processing by Api::V1::TodosController#index as HTML
  [1m[36mTodo Load (0.1ms)[0m  [1m[34mSELECT "todos".* FROM "todos"[0m
  ↳ app/controllers/api/v1/todos_controller.rb:12:in `index'
Completed 200 OK in 6ms (Views: 2.8ms | ActiveRecord: 0.1ms | Allocations: 1613)


Started GET "/api/v1/todos" for ::1 at 2020-12-06 02:10:49 -0500
Processing by Api::V1::TodosController#index as HTML
  [1m[36mTodo Load (0.1ms)[0m  [1m[34mSELECT "todos".* FROM "todos"[0m
  ↳ app/controllers/api/v1/todos_controller.rb:12:in `index'
Completed 200 OK in 6ms (Views: 2.6ms | ActiveRecord: 0.1ms | Allocations: 1627)


Started GET "/api/v1/todos" for ::1 at 2020-12-06 02:10:53 -0500
Processing by Api::V1::TodosController#index as HTML
  [1m[36mTodo Load (0.1ms)[0m  [1m[34mSELECT "todos".* FROM "todos"[0m
  ↳ app/controllers/api/v1/todos_controller.rb:12:in `index'
Completed 200 OK in 3ms (Views: 1.1ms | ActiveRecord: 0.1ms | Allocations: 1611)


Started GET "/api/v1/todos" for ::1 at 2020-12-06 02:10:53 -0500
Processing by Api::V1::TodosController#index as HTML
  [1m[36mTodo Load (0.1ms)[0m  [1m[34mSELECT "todos".* FROM "todos"[0m
  ↳ app/controllers/api/v1/todos_controller.rb:12:in `index'
Completed 200 OK in 4ms (Views: 2.4ms | ActiveRecord: 0.1ms | Allocations: 1611)


Started POST "/api/v1/todos" for ::1 at 2020-12-06 02:10:55 -0500
Processing by Api::V1::TodosController#create as HTML
  Parameters: {"todo"=>{"title"=>"4", "completed"=>false}}
  [1m[35m (0.1ms)[0m  [1m[36mbegin transaction[0m
  ↳ app/controllers/api/v1/todos_controller.rb:24:in `create'
  [1m[36mTodo Create (0.2ms)[0m  [1m[32mINSERT INTO "todos" ("title", "created_at", "updated_at") VALUES (?, ?, ?)[0m  [["title", "4"], ["created_at", "2020-12-06 07:10:55.616826"], ["updated_at", "2020-12-06 07:10:55.616826"]]
  ↳ app/controllers/api/v1/todos_controller.rb:24:in `create'
  [1m[35m (6.5ms)[0m  [1m[36mcommit transaction[0m
  ↳ app/controllers/api/v1/todos_controller.rb:24:in `create'
Completed 201 Created in 22ms (Views: 0.3ms | ActiveRecord: 6.8ms | Allocations: 4417)


Started DELETE "/api/v1/todos/21" for ::1 at 2020-12-06 02:10:57 -0500
Processing by Api::V1::TodosController#destroy as HTML
  Parameters: {"id"=>"21"}
  [1m[36mTodo Load (0.1ms)[0m  [1m[34mSELECT "todos".* FROM "todos" WHERE "todos"."id" = ? LIMIT ?[0m  [["id", 21], ["LIMIT", 1]]
  ↳ app/controllers/api/v1/todos_controller.rb:49:in `set_todo'
  [1m[35m (0.0ms)[0m  [1m[36mbegin transaction[0m
  ↳ app/controllers/api/v1/todos_controller.rb:42:in `destroy'
  [1m[36mTodo Destroy (0.2ms)[0m  [1m[31mDELETE FROM "todos" WHERE "todos"."id" = ?[0m  [["id", 21]]
  ↳ app/controllers/api/v1/todos_controller.rb:42:in `destroy'
  [1m[35m (6.2ms)[0m  [1m[36mcommit transaction[0m
  ↳ app/controllers/api/v1/todos_controller.rb:42:in `destroy'
Completed 204 No Content in 10ms (ActiveRecord: 6.5ms | Allocations: 4322)


Started GET "/api/v1/todos" for ::1 at 2020-12-06 02:13:51 -0500
Processing by Api::V1::TodosController#index as HTML
  [1m[36mTodo Load (0.1ms)[0m  [1m[34mSELECT "todos".* FROM "todos"[0m
  ↳ app/controllers/api/v1/todos_controller.rb:12:in `index'
Completed 200 OK in 2ms (Views: 0.8ms | ActiveRecord: 0.1ms | Allocations: 1611)


Started GET "/api/v1/todos" for ::1 at 2020-12-06 02:14:12 -0500
Processing by Api::V1::TodosController#index as HTML
  [1m[36mTodo Load (0.1ms)[0m  [1m[34mSELECT "todos".* FROM "todos"[0m
  ↳ app/controllers/api/v1/todos_controller.rb:12:in `index'
Completed 200 OK in 2ms (Views: 0.8ms | ActiveRecord: 0.1ms | Allocations: 1611)


Started POST "/api/v1/todos" for ::1 at 2020-12-06 02:14:13 -0500
Processing by Api::V1::TodosController#create as HTML
  Parameters: {"todo"=>{"title"=>"3", "completed"=>false}}
  [1m[35m (0.1ms)[0m  [1m[36mbegin transaction[0m
  ↳ app/controllers/api/v1/todos_controller.rb:24:in `create'
  [1m[36mTodo Create (0.2ms)[0m  [1m[32mINSERT INTO "todos" ("title", "created_at", "updated_at") VALUES (?, ?, ?)[0m  [["title", "3"], ["created_at", "2020-12-06 07:14:13.291211"], ["updated_at", "2020-12-06 07:14:13.291211"]]
  ↳ app/controllers/api/v1/todos_controller.rb:24:in `create'
  [1m[35m (7.4ms)[0m  [1m[36mcommit transaction[0m
  ↳ app/controllers/api/v1/todos_controller.rb:24:in `create'
Completed 201 Created in 12ms (Views: 0.2ms | ActiveRecord: 7.7ms | Allocations: 4414)


Started POST "/api/v1/todos" for ::1 at 2020-12-06 02:14:15 -0500
Processing by Api::V1::TodosController#create as HTML
  Parameters: {"todo"=>{"title"=>"2", "completed"=>false}}
  [1m[35m (0.1ms)[0m  [1m[36mbegin transaction[0m
  ↳ app/controllers/api/v1/todos_controller.rb:24:in `create'
  [1m[36mTodo Create (0.3ms)[0m  [1m[32mINSERT INTO "todos" ("title", "created_at", "updated_at") VALUES (?, ?, ?)[0m  [["title", "2"], ["created_at", "2020-12-06 07:14:15.808479"], ["updated_at", "2020-12-06 07:14:15.808479"]]
  ↳ app/controllers/api/v1/todos_controller.rb:24:in `create'
  [1m[35m (6.6ms)[0m  [1m[36mcommit transaction[0m
  ↳ app/controllers/api/v1/todos_controller.rb:24:in `create'
Completed 201 Created in 12ms (Views: 0.2ms | ActiveRecord: 7.0ms | Allocations: 4416)


