Started GET "/" for ::1 at 2020-12-28 00:16:11 -0500
  [1m[35m (0.8ms)[0m  [1m[34mSELECT sqlite_version(*)[0m
Processing by Rails::WelcomeController#index as HTML
  Rendering /home/dean/.rvm/gems/ruby-2.7.1/gems/railties-6.1.0/lib/rails/templates/rails/welcome/index.html.erb
  Rendered /home/dean/.rvm/gems/ruby-2.7.1/gems/railties-6.1.0/lib/rails/templates/rails/welcome/index.html.erb (Duration: 3.6ms | Allocations: 408)
Completed 200 OK in 11ms (Views: 5.8ms | ActiveRecord: 0.0ms | Allocations: 3690)


  [1m[35m (0.2ms)[0m  [1m[34mSELECT sqlite_version(*)[0m
  [1m[35m (8.6ms)[0m  [1m[35mCREATE TABLE "schema_migrations" ("version" varchar NOT NULL PRIMARY KEY)[0m
  [1m[35m (8.0ms)[0m  [1m[35mCREATE TABLE "ar_internal_metadata" ("key" varchar NOT NULL PRIMARY KEY, "value" varchar, "created_at" datetime(6) NOT NULL, "updated_at" datetime(6) NOT NULL)[0m
  [1m[35m (0.1ms)[0m  [1m[34mSELECT "schema_migrations"."version" FROM "schema_migrations" ORDER BY "schema_migrations"."version" ASC[0m
Migrating to CreateTodos (20201228051937)
  [1m[36mTRANSACTION (0.1ms)[0m  [1m[36mbegin transaction[0m
  [1m[35m (0.3ms)[0m  [1m[35mCREATE TABLE "todos" ("id" integer PRIMARY KEY AUTOINCREMENT NOT NULL, "title" varchar, "completed" boolean DEFAULT 0, "created_at" datetime(6) NOT NULL, "updated_at" datetime(6) NOT NULL)[0m
  [1m[36mActiveRecord::SchemaMigration Create (0.2ms)[0m  [1m[32mINSERT INTO "schema_migrations" ("version") VALUES (?)[0m  [["version", "20201228051937"]]
  [1m[36mTRANSACTION (8.4ms)[0m  [1m[36mcommit transaction[0m
  [1m[36mActiveRecord::InternalMetadata Load (0.1ms)[0m  [1m[34mSELECT "ar_internal_metadata".* FROM "ar_internal_metadata" WHERE "ar_internal_metadata"."key" = ? LIMIT ?[0m  [["key", "environment"], ["LIMIT", 1]]
  [1m[36mTRANSACTION (0.1ms)[0m  [1m[36mbegin transaction[0m
  [1m[36mActiveRecord::InternalMetadata Create (0.3ms)[0m  [1m[32mINSERT INTO "ar_internal_metadata" ("key", "value", "created_at", "updated_at") VALUES (?, ?, ?, ?)[0m  [["key", "environment"], ["value", "development"], ["created_at", "2020-12-28 05:20:07.940196"], ["updated_at", "2020-12-28 05:20:07.940196"]]
  [1m[36mTRANSACTION (6.0ms)[0m  [1m[36mcommit transaction[0m
  [1m[35m (0.0ms)[0m  [1m[34mSELECT sqlite_version(*)[0m
  [1m[35m (0.0ms)[0m  [1m[34mSELECT "schema_migrations"."version" FROM "schema_migrations" ORDER BY "schema_migrations"."version" ASC[0m
Started GET "/" for ::1 at 2020-12-28 00:20:09 -0500
  [1m[35m (0.3ms)[0m  [1m[34mSELECT sqlite_version(*)[0m
  [1m[35m (0.1ms)[0m  [1m[34mSELECT "schema_migrations"."version" FROM "schema_migrations" ORDER BY "schema_migrations"."version" ASC[0m
Processing by TodosController#index as HTML
  Rendering layout layouts/application.html.erb
  Rendering todos/index.html.erb within layouts/application
  [1m[36mTodo Load (0.1ms)[0m  [1m[34mSELECT "todos".* FROM "todos"[0m
  ↳ app/views/todos/index.html.erb:15
  Rendered todos/index.html.erb within layouts/application (Duration: 1.8ms | Allocations: 931)
[Webpacker] Compiling...
[Webpacker] Compiled all packs in /code/20in20/week18/demo/public/packs
[Webpacker] Hash: 415a948d492e21802f43
Version: webpack 4.44.2
Time: 1178ms
Built at: 12/28/2020 12:20:11 AM
                                     Asset       Size       Chunks                         Chunk Names
    js/application-d5a3c3b4dce84b5eb605.js    125 KiB  application  [emitted] [immutable]  application
js/application-d5a3c3b4dce84b5eb605.js.map    139 KiB  application  [emitted] [dev]        application
                             manifest.json  364 bytes               [emitted]              
Entrypoint application = js/application-d5a3c3b4dce84b5eb605.js js/application-d5a3c3b4dce84b5eb605.js.map
[./app/javascript/channels sync recursive _channel\.js$] ./app/javascript/channels sync _channel\.js$ 160 bytes {application} [built]
[./app/javascript/channels/index.js] 211 bytes {application} [built]
[./app/javascript/packs/application.js] 492 bytes {application} [built]
[./node_modules/webpack/buildin/module.js] (webpack)/buildin/module.js 552 bytes {application} [built]
    + 3 hidden modules

  Rendered layout layouts/application.html.erb (Duration: 2072.8ms | Allocations: 49161)
Completed 200 OK in 2094ms (Views: 2086.0ms | ActiveRecord: 0.1ms | Allocations: 52112)


Started GET "/" for ::1 at 2020-12-28 00:20:47 -0500
Processing by TodosController#index as HTML
  Rendering layout layouts/application.html.erb
  Rendering todos/index.html.erb within layouts/application
  Rendered todos/index.html.erb within layouts/application (Duration: 5.8ms | Allocations: 4259)
  Rendered layout layouts/application.html.erb (Duration: 6.0ms | Allocations: 4325)
Completed 500 Internal Server Error in 8ms (ActiveRecord: 0.0ms | Allocations: 5536)


  
ActionView::SyntaxErrorInTemplate (Encountered a syntax error while rendering template: check <p id="notice"><%= notice %></p>

<h1>Todos</h1>
<%= render 'todos/form' todo: Todo.new %>
<table>
  <thead>
    <tr>
      <th>Title</th>
      <th>Completed</th>
      <th colspan="3"></th>
    </tr>
  </thead>

  <tbody>
    <% @todos.each do |todo| %>
      <tr>
        <td><%= todo.title %></td>
        <td><%= todo.completed %></td>
        <td><%= link_to 'Show', todo %></td>
        <td><%= link_to 'Edit', edit_todo_path(todo) %></td>
        <td><%= link_to 'Destroy', todo, method: :delete, data: { confirm: 'Are you sure?' } %></td>
      </tr>
    <% end %>
  </tbody>
</table>

<br>

<%= link_to 'New Todo', new_todo_path %>

):
1:    <p id="notice"><%= notice %></p>
2:    
3:    <h1>Todos</h1>
4:    <%= render 'todos/form' todo: Todo.new %>
5:    <table>
6:      <thead>
7:        <tr>
8:          <th>Title</th>
9:          <th>Completed</th>
10:          <th colspan="3"></th>
11:        </tr>
12:      </thead>
13:    
14:      <tbody>
15:        <% @todos.each do |todo| %>
16:          <tr>
17:            <td><%= todo.title %></td>
18:            <td><%= todo.completed %></td>
19:            <td><%= link_to 'Show', todo %></td>
20:            <td><%= link_to 'Edit', edit_todo_path(todo) %></td>
21:            <td><%= link_to 'Destroy', todo, method: :delete, data: { confirm: 'Are you sure?' } %></td>
22:          </tr>
23:        <% end %>
24:      </tbody>
25:    </table>
26:    
27:    <br>
28:    
29:    <%= link_to 'New Todo', new_todo_path %>
  
app/views/todos/index.html.erb:4: syntax error, unexpected local variable or method, expecting ')'
app/views/todos/index.html.erb:4: syntax error, unexpected local variable or method, expecting ')'
app/views/todos/index.html.erb:4: syntax error, unexpected local variable or method, expecting ')'
app/views/todos/index.html.erb:4: syntax error, unexpected local variable or method, expecting ')'
app/views/todos/index.html.erb:4: syntax error, unexpected local variable or method, expecting ')'
app/views/todos/index.html.erb:4: syntax error, unexpected local variable or method, expecting ')'
Started GET "/" for ::1 at 2020-12-28 00:21:03 -0500
Processing by TodosController#index as HTML
  Rendering layout layouts/application.html.erb
  Rendering todos/index.html.erb within layouts/application
  Rendered todos/index.html.erb within layouts/application (Duration: 0.7ms | Allocations: 1209)
  Rendered layout layouts/application.html.erb (Duration: 0.9ms | Allocations: 1274)
Completed 500 Internal Server Error in 3ms (ActiveRecord: 0.0ms | Allocations: 2576)


  
ActionView::SyntaxErrorInTemplate (Encountered a syntax error while rendering template: check <p id="notice"><%= notice %></p>

<h1>Todos</h1>
<%= render 'form' todo: Todo.new %>
<table>
  <thead>
    <tr>
      <th>Title</th>
      <th>Completed</th>
      <th colspan="3"></th>
    </tr>
  </thead>

  <tbody>
    <% @todos.each do |todo| %>
      <tr>
        <td><%= todo.title %></td>
        <td><%= todo.completed %></td>
        <td><%= link_to 'Show', todo %></td>
        <td><%= link_to 'Edit', edit_todo_path(todo) %></td>
        <td><%= link_to 'Destroy', todo, method: :delete, data: { confirm: 'Are you sure?' } %></td>
      </tr>
    <% end %>
  </tbody>
</table>

<br>

<%= link_to 'New Todo', new_todo_path %>

):
1:    <p id="notice"><%= notice %></p>
2:    
3:    <h1>Todos</h1>
4:    <%= render 'form' todo: Todo.new %>
5:    <table>
6:      <thead>
7:        <tr>
8:          <th>Title</th>
9:          <th>Completed</th>
10:          <th colspan="3"></th>
11:        </tr>
12:      </thead>
13:    
14:      <tbody>
15:        <% @todos.each do |todo| %>
16:          <tr>
17:            <td><%= todo.title %></td>
18:            <td><%= todo.completed %></td>
19:            <td><%= link_to 'Show', todo %></td>
20:            <td><%= link_to 'Edit', edit_todo_path(todo) %></td>
21:            <td><%= link_to 'Destroy', todo, method: :delete, data: { confirm: 'Are you sure?' } %></td>
22:          </tr>
23:        <% end %>
24:      </tbody>
25:    </table>
26:    
27:    <br>
28:    
29:    <%= link_to 'New Todo', new_todo_path %>
  
app/views/todos/index.html.erb:4: syntax error, unexpected local variable or method, expecting ')'
app/views/todos/index.html.erb:4: syntax error, unexpected local variable or method, expecting ')'
app/views/todos/index.html.erb:4: syntax error, unexpected local variable or method, expecting ')'
app/views/todos/index.html.erb:4: syntax error, unexpected local variable or method, expecting ')'
app/views/todos/index.html.erb:4: syntax error, unexpected local variable or method, expecting ')'
app/views/todos/index.html.erb:4: syntax error, unexpected local variable or method, expecting ')'
Started GET "/" for ::1 at 2020-12-28 00:21:46 -0500
Processing by TodosController#index as HTML
  Rendering layout layouts/application.html.erb
  Rendering todos/index.html.erb within layouts/application
  Rendered todos/_form.html.erb (Duration: 14.3ms | Allocations: 7298)
  [1m[36mTodo Load (0.1ms)[0m  [1m[34mSELECT "todos".* FROM "todos"[0m
  ↳ app/views/todos/index.html.erb:15
  Rendered todos/index.html.erb within layouts/application (Duration: 20.5ms | Allocations: 11408)
[Webpacker] Everything's up-to-date. Nothing to do
  Rendered layout layouts/application.html.erb (Duration: 26.4ms | Allocations: 18727)
Completed 200 OK in 29ms (Views: 26.9ms | ActiveRecord: 0.6ms | Allocations: 19965)


Started POST "/todos" for ::1 at 2020-12-28 00:21:48 -0500
Processing by TodosController#create as TURBO_STREAM
  Parameters: {"authenticity_token"=>"[FILTERED]", "todo"=>{"title"=>"test", "completed"=>"0"}, "commit"=>"Create Todo"}
  [1m[36mTRANSACTION (0.1ms)[0m  [1m[36mbegin transaction[0m
  ↳ app/controllers/todos_controller.rb:30:in `block in create'
  [1m[36mTodo Create (0.3ms)[0m  [1m[32mINSERT INTO "todos" ("title", "created_at", "updated_at") VALUES (?, ?, ?)[0m  [["title", "test"], ["created_at", "2020-12-28 05:21:48.638043"], ["updated_at", "2020-12-28 05:21:48.638043"]]
  ↳ app/controllers/todos_controller.rb:30:in `block in create'
  [1m[36mTRANSACTION (6.6ms)[0m  [1m[36mcommit transaction[0m
  ↳ app/controllers/todos_controller.rb:30:in `block in create'
Redirected to http://localhost:3000/todos/1
Completed 302 Found in 13ms (ActiveRecord: 6.9ms | Allocations: 4355)


Started GET "/todos/1" for ::1 at 2020-12-28 00:21:48 -0500
Processing by TodosController#show as TURBO_STREAM
  Parameters: {"id"=>"1"}
  [1m[36mTodo Load (0.1ms)[0m  [1m[34mSELECT "todos".* FROM "todos" WHERE "todos"."id" = ? LIMIT ?[0m  [["id", 1], ["LIMIT", 1]]
  ↳ app/controllers/todos_controller.rb:67:in `set_todo'
  Rendering layout layouts/application.html.erb
  Rendering todos/show.html.erb within layouts/application
  Rendered todos/show.html.erb within layouts/application (Duration: 0.5ms | Allocations: 237)
[Webpacker] Everything's up-to-date. Nothing to do
  Rendered layout layouts/application.html.erb (Duration: 5.6ms | Allocations: 7238)
Completed 200 OK in 8ms (Views: 6.1ms | ActiveRecord: 0.1ms | Allocations: 8707)


Started GET "/todos" for ::1 at 2020-12-28 00:21:50 -0500
Processing by TodosController#index as HTML
  Rendering layout layouts/application.html.erb
  Rendering todos/index.html.erb within layouts/application
  Rendered todos/_form.html.erb (Duration: 1.1ms | Allocations: 656)
  [1m[36mTodo Load (0.1ms)[0m  [1m[34mSELECT "todos".* FROM "todos"[0m
  ↳ app/views/todos/index.html.erb:15
  Rendered todos/index.html.erb within layouts/application (Duration: 2.5ms | Allocations: 1336)
[Webpacker] Everything's up-to-date. Nothing to do
  Rendered layout layouts/application.html.erb (Duration: 8.0ms | Allocations: 8339)
Completed 200 OK in 9ms (Views: 8.4ms | ActiveRecord: 0.1ms | Allocations: 8837)


Started GET "/todos" for ::1 at 2020-12-28 00:22:23 -0500
Processing by TodosController#index as HTML
  Rendering layout layouts/application.html.erb
  Rendering todos/index.html.erb within layouts/application
  Rendered todos/_form.html.erb (Duration: 1.1ms | Allocations: 654)
  [1m[36mTodo Load (0.1ms)[0m  [1m[34mSELECT "todos".* FROM "todos"[0m
  ↳ app/views/todos/index.html.erb:15
  Rendered todos/index.html.erb within layouts/application (Duration: 2.4ms | Allocations: 1321)
[Webpacker] Everything's up-to-date. Nothing to do
  Rendered layout layouts/application.html.erb (Duration: 8.7ms | Allocations: 8323)
Completed 200 OK in 10ms (Views: 9.1ms | ActiveRecord: 0.1ms | Allocations: 8798)


Started GET "/todos" for ::1 at 2020-12-28 00:22:24 -0500
Processing by TodosController#index as HTML
  Rendering layout layouts/application.html.erb
  Rendering todos/index.html.erb within layouts/application
  Rendered todos/_form.html.erb (Duration: 1.0ms | Allocations: 654)
  [1m[36mTodo Load (0.1ms)[0m  [1m[34mSELECT "todos".* FROM "todos"[0m
  ↳ app/views/todos/index.html.erb:15
  Rendered todos/index.html.erb within layouts/application (Duration: 2.5ms | Allocations: 1321)
[Webpacker] Everything's up-to-date. Nothing to do
  Rendered layout layouts/application.html.erb (Duration: 8.7ms | Allocations: 8323)
Completed 200 OK in 10ms (Views: 9.1ms | ActiveRecord: 0.1ms | Allocations: 8802)


Started POST "/todos" for ::1 at 2020-12-28 00:22:25 -0500
Processing by TodosController#create as TURBO_STREAM
  Parameters: {"authenticity_token"=>"[FILTERED]", "todo"=>{"title"=>"test", "completed"=>"0"}, "commit"=>"Create Todo"}
  [1m[35m (0.0ms)[0m  [1m[34mSELECT sqlite_version(*)[0m
  ↳ app/controllers/todos_controller.rb:25:in `create'
  [1m[36mTRANSACTION (0.0ms)[0m  [1m[36mbegin transaction[0m
  ↳ app/controllers/todos_controller.rb:28:in `block in create'
  [1m[36mTodo Create (0.2ms)[0m  [1m[32mINSERT INTO "todos" ("title", "created_at", "updated_at") VALUES (?, ?, ?)[0m  [["title", "test"], ["created_at", "2020-12-28 05:22:25.795858"], ["updated_at", "2020-12-28 05:22:25.795858"]]
  ↳ app/controllers/todos_controller.rb:28:in `block in create'
  [1m[36mTRANSACTION (6.6ms)[0m  [1m[36mcommit transaction[0m
  ↳ app/controllers/todos_controller.rb:28:in `block in create'
Redirected to http://localhost:3000/todos
Completed 302 Found in 16ms (ActiveRecord: 7.4ms | Allocations: 7388)


Started GET "/todos" for ::1 at 2020-12-28 00:22:25 -0500
Processing by TodosController#index as TURBO_STREAM
  Rendering layout layouts/application.html.erb
  Rendering todos/index.html.erb within layouts/application
  Rendered todos/_form.html.erb (Duration: 1.1ms | Allocations: 713)
  [1m[36mTodo Load (0.1ms)[0m  [1m[34mSELECT "todos".* FROM "todos"[0m
  ↳ app/views/todos/index.html.erb:15
  Rendered todos/index.html.erb within layouts/application (Duration: 3.5ms | Allocations: 1629)
[Webpacker] Everything's up-to-date. Nothing to do
  Rendered layout layouts/application.html.erb (Duration: 8.9ms | Allocations: 8713)
Completed 200 OK in 10ms (Views: 9.4ms | ActiveRecord: 0.1ms | Allocations: 9466)


