  [1m[35m (1.9ms)[0m  [1m[34mSELECT sqlite_version(*)[0m
  [1m[35m (10.3ms)[0m  [1m[35mCREATE TABLE "schema_migrations" ("version" varchar NOT NULL PRIMARY KEY)[0m
  [1m[35m (9.5ms)[0m  [1m[35mCREATE TABLE "ar_internal_metadata" ("key" varchar NOT NULL PRIMARY KEY, "value" varchar, "created_at" datetime(6) NOT NULL, "updated_at" datetime(6) NOT NULL)[0m
  [1m[35m (0.1ms)[0m  [1m[34mSELECT "schema_migrations"."version" FROM "schema_migrations" ORDER BY "schema_migrations"."version" ASC[0m
Migrating to CreateTodos (20201221114441)
  [1m[35m (0.1ms)[0m  [1m[36mbegin transaction[0m
  [1m[35m (0.3ms)[0m  [1m[35mCREATE TABLE "todos" ("id" integer PRIMARY KEY AUTOINCREMENT NOT NULL, "title" varchar, "completed" boolean DEFAULT 0, "created_at" datetime(6) NOT NULL, "updated_at" datetime(6) NOT NULL)[0m
  [1m[36mprimary::SchemaMigration Create (0.3ms)[0m  [1m[32mINSERT INTO "schema_migrations" ("version") VALUES (?)[0m  [["version", "20201221114441"]]
  [1m[35m (7.5ms)[0m  [1m[36mcommit transaction[0m
  [1m[36mActiveRecord::InternalMetadata Load (0.1ms)[0m  [1m[34mSELECT "ar_internal_metadata".* FROM "ar_internal_metadata" WHERE "ar_internal_metadata"."key" = ? LIMIT ?[0m  [["key", "environment"], ["LIMIT", 1]]
  [1m[35m (0.0ms)[0m  [1m[36mbegin transaction[0m
  [1m[36mActiveRecord::InternalMetadata Create (0.3ms)[0m  [1m[32mINSERT INTO "ar_internal_metadata" ("key", "value", "created_at", "updated_at") VALUES (?, ?, ?, ?)[0m  [["key", "environment"], ["value", "development"], ["created_at", "2020-12-21 11:45:20.855664"], ["updated_at", "2020-12-21 11:45:20.855664"]]
  [1m[35m (5.6ms)[0m  [1m[36mcommit transaction[0m
  [1m[35m (0.0ms)[0m  [1m[34mSELECT sqlite_version(*)[0m
  [1m[35m (0.1ms)[0m  [1m[34mSELECT "schema_migrations"."version" FROM "schema_migrations" ORDER BY "schema_migrations"."version" ASC[0m
Started GET "/" for ::1 at 2020-12-21 06:47:41 -0500
  [1m[35m (0.3ms)[0m  [1m[34mSELECT sqlite_version(*)[0m
  [1m[35m (0.1ms)[0m  [1m[34mSELECT "schema_migrations"."version" FROM "schema_migrations" ORDER BY "schema_migrations"."version" ASC[0m
Processing by Rails::WelcomeController#index as HTML
  Rendering /home/dean/.rvm/gems/ruby-2.7.1/gems/railties-6.0.3.4/lib/rails/templates/rails/welcome/index.html.erb
  Rendered /home/dean/.rvm/gems/ruby-2.7.1/gems/railties-6.0.3.4/lib/rails/templates/rails/welcome/index.html.erb (Duration: 4.5ms | Allocations: 407)
Completed 200 OK in 11ms (Views: 8.5ms | ActiveRecord: 0.0ms | Allocations: 2241)


Started GET "/favicon.ico" for ::1 at 2020-12-21 06:47:42 -0500
  
ActionController::RoutingError (No route matches [GET] "/favicon.ico"):
  
actionpack (6.0.3.4) lib/action_dispatch/middleware/debug_exceptions.rb:36:in `call'
actionpack (6.0.3.4) lib/action_dispatch/middleware/show_exceptions.rb:33:in `call'
railties (6.0.3.4) lib/rails/rack/logger.rb:37:in `call_app'
railties (6.0.3.4) lib/rails/rack/logger.rb:26:in `block in call'
activesupport (6.0.3.4) lib/active_support/tagged_logging.rb:80:in `block in tagged'
activesupport (6.0.3.4) lib/active_support/tagged_logging.rb:28:in `tagged'
activesupport (6.0.3.4) lib/active_support/tagged_logging.rb:80:in `tagged'
railties (6.0.3.4) lib/rails/rack/logger.rb:26:in `call'
actionpack (6.0.3.4) lib/action_dispatch/middleware/remote_ip.rb:81:in `call'
actionpack (6.0.3.4) lib/action_dispatch/middleware/request_id.rb:27:in `call'
rack (2.2.3) lib/rack/runtime.rb:22:in `call'
activesupport (6.0.3.4) lib/active_support/cache/strategy/local_cache_middleware.rb:29:in `call'
actionpack (6.0.3.4) lib/action_dispatch/middleware/executor.rb:14:in `call'
actionpack (6.0.3.4) lib/action_dispatch/middleware/static.rb:126:in `call'
rack (2.2.3) lib/rack/sendfile.rb:110:in `call'
actionpack (6.0.3.4) lib/action_dispatch/middleware/host_authorization.rb:82:in `call'
railties (6.0.3.4) lib/rails/engine.rb:527:in `call'
puma (4.3.7) lib/puma/configuration.rb:228:in `call'
puma (4.3.7) lib/puma/server.rb:713:in `handle_request'
puma (4.3.7) lib/puma/server.rb:472:in `process_client'
puma (4.3.7) lib/puma/server.rb:328:in `block in run'
puma (4.3.7) lib/puma/thread_pool.rb:134:in `block in spawn_thread'
Started GET "/api/v1/todos" for ::1 at 2020-12-21 06:47:51 -0500
Processing by Api::V1::TodosController#index as HTML
  [1m[36mTodo Load (0.2ms)[0m  [1m[34mSELECT "todos".* FROM "todos"[0m
  ↳ app/controllers/api/v1/todos_controller.rb:13:in `index'
Completed 200 OK in 3ms (Views: 0.2ms | ActiveRecord: 0.3ms | Allocations: 1578)


  [1m[35m (0.2ms)[0m  [1m[34mSELECT sqlite_version(*)[0m
  [1m[35m (0.1ms)[0m  [1m[36mbegin transaction[0m
  [1m[36mTodo Create (0.3ms)[0m  [1m[32mINSERT INTO "todos" ("title", "created_at", "updated_at") VALUES (?, ?, ?)[0m  [["title", "Hello, World!"], ["created_at", "2020-12-21 11:48:08.753474"], ["updated_at", "2020-12-21 11:48:08.753474"]]
  [1m[35m (6.2ms)[0m  [1m[36mcommit transaction[0m
Started GET "/api/v1/todos" for ::1 at 2020-12-21 06:48:12 -0500
  [1m[35m (0.2ms)[0m  [1m[34mSELECT sqlite_version(*)[0m
  [1m[35m (0.1ms)[0m  [1m[34mSELECT "schema_migrations"."version" FROM "schema_migrations" ORDER BY "schema_migrations"."version" ASC[0m
Processing by Api::V1::TodosController#index as HTML
  [1m[36mTodo Load (0.1ms)[0m  [1m[34mSELECT "todos".* FROM "todos"[0m
  ↳ app/controllers/api/v1/todos_controller.rb:13:in `index'
Completed 200 OK in 6ms (Views: 0.4ms | ActiveRecord: 0.4ms | Allocations: 4310)


Started GET "/api/v1/todos" for ::1 at 2020-12-21 06:50:58 -0500
  [1m[35m (0.3ms)[0m  [1m[34mSELECT sqlite_version(*)[0m
  [1m[35m (0.1ms)[0m  [1m[34mSELECT "schema_migrations"."version" FROM "schema_migrations" ORDER BY "schema_migrations"."version" ASC[0m
Processing by Api::V1::TodosController#index as HTML
  [1m[36mTodo Load (0.2ms)[0m  [1m[34mSELECT "todos".* FROM "todos"[0m
  ↳ app/controllers/api/v1/todos_controller.rb:13:in `index'
Completed 200 OK in 7ms (Views: 0.5ms | ActiveRecord: 0.5ms | Allocations: 4310)


Started GET "/api/v1/todos" for ::1 at 2020-12-21 06:51:46 -0500
  [1m[35m (0.3ms)[0m  [1m[34mSELECT sqlite_version(*)[0m
  [1m[35m (0.1ms)[0m  [1m[34mSELECT "schema_migrations"."version" FROM "schema_migrations" ORDER BY "schema_migrations"."version" ASC[0m
Processing by Api::V1::TodosController#index as HTML
  [1m[36mTodo Load (0.2ms)[0m  [1m[34mSELECT "todos".* FROM "todos"[0m
  ↳ app/controllers/api/v1/todos_controller.rb:13:in `index'
Completed 200 OK in 8ms (Views: 0.5ms | ActiveRecord: 0.6ms | Allocations: 4310)


Started GET "/api/v1/todos" for ::1 at 2020-12-21 06:51:49 -0500
Processing by Api::V1::TodosController#index as HTML
  [1m[36mTodo Load (0.1ms)[0m  [1m[34mSELECT "todos".* FROM "todos"[0m
  ↳ app/controllers/api/v1/todos_controller.rb:13:in `index'
Completed 200 OK in 2ms (Views: 0.4ms | ActiveRecord: 0.1ms | Allocations: 778)


Started GET "/api/v1/todos" for ::1 at 2020-12-21 06:52:27 -0500
Processing by Api::V1::TodosController#index as HTML
  [1m[36mTodo Load (0.1ms)[0m  [1m[34mSELECT "todos".* FROM "todos"[0m
  ↳ app/controllers/api/v1/todos_controller.rb:13:in `index'
Completed 200 OK in 2ms (Views: 0.5ms | ActiveRecord: 0.1ms | Allocations: 778)


Started GET "/api/v1/todos" for ::1 at 2020-12-21 06:53:29 -0500
Processing by Api::V1::TodosController#index as HTML
  [1m[36mTodo Load (0.1ms)[0m  [1m[34mSELECT "todos".* FROM "todos"[0m
  ↳ app/controllers/api/v1/todos_controller.rb:13:in `index'
Completed 200 OK in 2ms (Views: 0.4ms | ActiveRecord: 0.1ms | Allocations: 762)


Started GET "/api/v1/todos" for ::1 at 2020-12-21 06:53:34 -0500
  [1m[35m (0.3ms)[0m  [1m[34mSELECT sqlite_version(*)[0m
  [1m[35m (0.1ms)[0m  [1m[34mSELECT "schema_migrations"."version" FROM "schema_migrations" ORDER BY "schema_migrations"."version" ASC[0m
Processing by Api::V1::TodosController#index as HTML
  [1m[36mTodo Load (0.2ms)[0m  [1m[34mSELECT "todos".* FROM "todos"[0m
  ↳ app/controllers/api/v1/todos_controller.rb:13:in `index'
Completed 200 OK in 7ms (Views: 0.6ms | ActiveRecord: 0.6ms | Allocations: 4311)


Started POST "/api/v1/todos" for ::1 at 2020-12-21 06:53:45 -0500
Processing by Api::V1::TodosController#create as HTML
  Parameters: {"todo"=>{"title"=>"test", "completed"=>false}}
  [1m[35m (0.1ms)[0m  [1m[36mbegin transaction[0m
  ↳ app/controllers/api/v1/todos_controller.rb:25:in `create'
  [1m[36mTodo Create (0.4ms)[0m  [1m[32mINSERT INTO "todos" ("title", "created_at", "updated_at") VALUES (?, ?, ?)[0m  [["title", "test"], ["created_at", "2020-12-21 11:53:45.646341"], ["updated_at", "2020-12-21 11:53:45.646341"]]
  ↳ app/controllers/api/v1/todos_controller.rb:25:in `create'
  [1m[35m (6.1ms)[0m  [1m[36mcommit transaction[0m
  ↳ app/controllers/api/v1/todos_controller.rb:25:in `create'
Completed 201 Created in 13ms (Views: 0.3ms | ActiveRecord: 6.6ms | Allocations: 4629)


Started POST "/api/v1/todos" for ::1 at 2020-12-21 06:53:48 -0500
Processing by Api::V1::TodosController#create as HTML
  Parameters: {"todo"=>{"title"=>"a", "completed"=>false}}
  [1m[35m (0.1ms)[0m  [1m[36mbegin transaction[0m
  ↳ app/controllers/api/v1/todos_controller.rb:25:in `create'
  [1m[36mTodo Create (0.3ms)[0m  [1m[32mINSERT INTO "todos" ("title", "created_at", "updated_at") VALUES (?, ?, ?)[0m  [["title", "a"], ["created_at", "2020-12-21 11:53:48.130800"], ["updated_at", "2020-12-21 11:53:48.130800"]]
  ↳ app/controllers/api/v1/todos_controller.rb:25:in `create'
  [1m[35m (6.4ms)[0m  [1m[36mcommit transaction[0m
  ↳ app/controllers/api/v1/todos_controller.rb:25:in `create'
Completed 201 Created in 13ms (Views: 0.3ms | ActiveRecord: 6.8ms | Allocations: 4395)


Started POST "/api/v1/todos" for ::1 at 2020-12-21 06:53:48 -0500
Processing by Api::V1::TodosController#create as HTML
  Parameters: {"todo"=>{"title"=>"a", "completed"=>false}}
  [1m[35m (0.1ms)[0m  [1m[36mbegin transaction[0m
  ↳ app/controllers/api/v1/todos_controller.rb:25:in `create'
  [1m[36mTodo Create (0.3ms)[0m  [1m[32mINSERT INTO "todos" ("title", "created_at", "updated_at") VALUES (?, ?, ?)[0m  [["title", "a"], ["created_at", "2020-12-21 11:53:48.496226"], ["updated_at", "2020-12-21 11:53:48.496226"]]
  ↳ app/controllers/api/v1/todos_controller.rb:25:in `create'
  [1m[35m (6.1ms)[0m  [1m[36mcommit transaction[0m
  ↳ app/controllers/api/v1/todos_controller.rb:25:in `create'
Completed 201 Created in 19ms (Views: 0.3ms | ActiveRecord: 6.4ms | Allocations: 4430)


Started POST "/api/v1/todos" for ::1 at 2020-12-21 06:53:48 -0500
Processing by Api::V1::TodosController#create as HTML
  Parameters: {"todo"=>{"title"=>"a", "completed"=>false}}
  [1m[35m (0.1ms)[0m  [1m[36mbegin transaction[0m
  ↳ app/controllers/api/v1/todos_controller.rb:25:in `create'
  [1m[36mTodo Create (0.3ms)[0m  [1m[32mINSERT INTO "todos" ("title", "created_at", "updated_at") VALUES (?, ?, ?)[0m  [["title", "a"], ["created_at", "2020-12-21 11:53:48.865164"], ["updated_at", "2020-12-21 11:53:48.865164"]]
  ↳ app/controllers/api/v1/todos_controller.rb:25:in `create'
  [1m[35m (6.1ms)[0m  [1m[36mcommit transaction[0m
  ↳ app/controllers/api/v1/todos_controller.rb:25:in `create'
Completed 201 Created in 20ms (Views: 0.3ms | ActiveRecord: 6.4ms | Allocations: 4430)


Started POST "/api/v1/todos" for ::1 at 2020-12-21 06:53:49 -0500
Processing by Api::V1::TodosController#create as HTML
  Parameters: {"todo"=>{"title"=>"a", "completed"=>false}}
  [1m[35m (0.1ms)[0m  [1m[36mbegin transaction[0m
  ↳ app/controllers/api/v1/todos_controller.rb:25:in `create'
  [1m[36mTodo Create (0.6ms)[0m  [1m[32mINSERT INTO "todos" ("title", "created_at", "updated_at") VALUES (?, ?, ?)[0m  [["title", "a"], ["created_at", "2020-12-21 11:53:49.176787"], ["updated_at", "2020-12-21 11:53:49.176787"]]
  ↳ app/controllers/api/v1/todos_controller.rb:25:in `create'
  [1m[35m (6.0ms)[0m  [1m[36mcommit transaction[0m
  ↳ app/controllers/api/v1/todos_controller.rb:25:in `create'
Completed 201 Created in 19ms (Views: 0.4ms | ActiveRecord: 6.6ms | Allocations: 4380)


Started POST "/api/v1/todos" for ::1 at 2020-12-21 06:53:49 -0500
Processing by Api::V1::TodosController#create as HTML
  Parameters: {"todo"=>{"title"=>"a", "completed"=>false}}
  [1m[35m (0.1ms)[0m  [1m[36mbegin transaction[0m
  ↳ app/controllers/api/v1/todos_controller.rb:25:in `create'
  [1m[36mTodo Create (0.2ms)[0m  [1m[32mINSERT INTO "todos" ("title", "created_at", "updated_at") VALUES (?, ?, ?)[0m  [["title", "a"], ["created_at", "2020-12-21 11:53:49.450791"], ["updated_at", "2020-12-21 11:53:49.450791"]]
  ↳ app/controllers/api/v1/todos_controller.rb:25:in `create'
  [1m[35m (6.2ms)[0m  [1m[36mcommit transaction[0m
  ↳ app/controllers/api/v1/todos_controller.rb:25:in `create'
Completed 201 Created in 21ms (Views: 0.3ms | ActiveRecord: 6.5ms | Allocations: 4412)


Started POST "/api/v1/todos" for ::1 at 2020-12-21 06:53:49 -0500
Processing by Api::V1::TodosController#create as HTML
  Parameters: {"todo"=>{"title"=>"a", "completed"=>false}}
  [1m[35m (0.1ms)[0m  [1m[36mbegin transaction[0m
  ↳ app/controllers/api/v1/todos_controller.rb:25:in `create'
  [1m[36mTodo Create (0.3ms)[0m  [1m[32mINSERT INTO "todos" ("title", "created_at", "updated_at") VALUES (?, ?, ?)[0m  [["title", "a"], ["created_at", "2020-12-21 11:53:49.748350"], ["updated_at", "2020-12-21 11:53:49.748350"]]
  ↳ app/controllers/api/v1/todos_controller.rb:25:in `create'
  [1m[35m (8.7ms)[0m  [1m[36mcommit transaction[0m
  ↳ app/controllers/api/v1/todos_controller.rb:25:in `create'
Completed 201 Created in 14ms (Views: 0.3ms | ActiveRecord: 9.0ms | Allocations: 3855)


Started POST "/api/v1/todos" for ::1 at 2020-12-21 06:53:50 -0500
Processing by Api::V1::TodosController#create as HTML
  Parameters: {"todo"=>{"title"=>"a", "completed"=>false}}
  [1m[35m (0.1ms)[0m  [1m[36mbegin transaction[0m
  ↳ app/controllers/api/v1/todos_controller.rb:25:in `create'
  [1m[36mTodo Create (0.3ms)[0m  [1m[32mINSERT INTO "todos" ("title", "created_at", "updated_at") VALUES (?, ?, ?)[0m  [["title", "a"], ["created_at", "2020-12-21 11:53:50.064497"], ["updated_at", "2020-12-21 11:53:50.064497"]]
  ↳ app/controllers/api/v1/todos_controller.rb:25:in `create'
  [1m[35m (6.0ms)[0m  [1m[36mcommit transaction[0m
  ↳ app/controllers/api/v1/todos_controller.rb:25:in `create'
Completed 201 Created in 11ms (Views: 0.3ms | ActiveRecord: 6.4ms | Allocations: 4412)


Started GET "/api/v1/todos?_limit=5" for ::1 at 2020-12-21 06:53:53 -0500
Processing by Api::V1::TodosController#index as HTML
  Parameters: {"_limit"=>"5"}
  [1m[36mTodo Load (0.2ms)[0m  [1m[34mSELECT "todos".* FROM "todos" ORDER BY "todos"."id" DESC LIMIT ?[0m  [["LIMIT", 5]]
  ↳ app/controllers/api/v1/todos_controller.rb:11:in `index'
Completed 200 OK in 3ms (Views: 1.0ms | ActiveRecord: 0.2ms | Allocations: 1417)


Started GET "/api/v1/todos?_limit=100" for ::1 at 2020-12-21 06:53:57 -0500
Processing by Api::V1::TodosController#index as HTML
  Parameters: {"_limit"=>"100"}
  [1m[36mTodo Load (0.1ms)[0m  [1m[34mSELECT "todos".* FROM "todos" ORDER BY "todos"."id" DESC LIMIT ?[0m  [["LIMIT", 100]]
  ↳ app/controllers/api/v1/todos_controller.rb:11:in `index'
Completed 200 OK in 2ms (Views: 0.9ms | ActiveRecord: 0.1ms | Allocations: 1794)


  [1m[35m (0.2ms)[0m  [1m[34mSELECT sqlite_version(*)[0m
  [1m[35m (0.1ms)[0m  [1m[34mSELECT "schema_migrations"."version" FROM "schema_migrations" ORDER BY "schema_migrations"."version" ASC[0m
Migrating to CreateTodones (20201221121115)
  [1m[35m (0.0ms)[0m  [1m[36mbegin transaction[0m
  [1m[35m (0.4ms)[0m  [1m[35mCREATE TABLE "todones" ("id" integer PRIMARY KEY AUTOINCREMENT NOT NULL, "created_at" datetime(6) NOT NULL, "updated_at" datetime(6) NOT NULL)[0m
  [1m[36mprimary::SchemaMigration Create (0.1ms)[0m  [1m[32mINSERT INTO "schema_migrations" ("version") VALUES (?)[0m  [["version", "20201221121115"]]
  [1m[35m (7.9ms)[0m  [1m[36mcommit transaction[0m
Migrating to AddNameToTodones (20201221121130)
  [1m[35m (0.1ms)[0m  [1m[36mbegin transaction[0m
  [1m[35m (0.3ms)[0m  [1m[35mALTER TABLE "todones" ADD "name" varchar[0m
  [1m[36mprimary::SchemaMigration Create (0.2ms)[0m  [1m[32mINSERT INTO "schema_migrations" ("version") VALUES (?)[0m  [["version", "20201221121130"]]
  [1m[35m (5.9ms)[0m  [1m[36mcommit transaction[0m
  [1m[36mActiveRecord::InternalMetadata Load (0.1ms)[0m  [1m[34mSELECT "ar_internal_metadata".* FROM "ar_internal_metadata" WHERE "ar_internal_metadata"."key" = ? LIMIT ?[0m  [["key", "environment"], ["LIMIT", 1]]
  [1m[35m (0.0ms)[0m  [1m[34mSELECT sqlite_version(*)[0m
  [1m[35m (0.1ms)[0m  [1m[34mSELECT "schema_migrations"."version" FROM "schema_migrations" ORDER BY "schema_migrations"."version" ASC[0m
Started GET "/" for ::1 at 2020-12-21 07:12:29 -0500
  [1m[35m (0.3ms)[0m  [1m[34mSELECT sqlite_version(*)[0m
  [1m[35m (0.1ms)[0m  [1m[34mSELECT "schema_migrations"."version" FROM "schema_migrations" ORDER BY "schema_migrations"."version" ASC[0m
Processing by Rails::WelcomeController#index as HTML
  Rendering /home/dean/.rvm/gems/ruby-2.7.1/gems/railties-6.0.3.4/lib/rails/templates/rails/welcome/index.html.erb
  Rendered /home/dean/.rvm/gems/ruby-2.7.1/gems/railties-6.0.3.4/lib/rails/templates/rails/welcome/index.html.erb (Duration: 3.2ms | Allocations: 295)
Completed 200 OK in 5ms (Views: 4.4ms | ActiveRecord: 0.0ms | Allocations: 1538)


Started GET "/favicon.ico" for ::1 at 2020-12-21 07:12:29 -0500
  
ActionController::RoutingError (No route matches [GET] "/favicon.ico"):
  
actionpack (6.0.3.4) lib/action_dispatch/middleware/debug_exceptions.rb:36:in `call'
actionpack (6.0.3.4) lib/action_dispatch/middleware/show_exceptions.rb:33:in `call'
railties (6.0.3.4) lib/rails/rack/logger.rb:37:in `call_app'
railties (6.0.3.4) lib/rails/rack/logger.rb:26:in `block in call'
activesupport (6.0.3.4) lib/active_support/tagged_logging.rb:80:in `block in tagged'
activesupport (6.0.3.4) lib/active_support/tagged_logging.rb:28:in `tagged'
activesupport (6.0.3.4) lib/active_support/tagged_logging.rb:80:in `tagged'
railties (6.0.3.4) lib/rails/rack/logger.rb:26:in `call'
actionpack (6.0.3.4) lib/action_dispatch/middleware/remote_ip.rb:81:in `call'
actionpack (6.0.3.4) lib/action_dispatch/middleware/request_id.rb:27:in `call'
rack (2.2.3) lib/rack/runtime.rb:22:in `call'
activesupport (6.0.3.4) lib/active_support/cache/strategy/local_cache_middleware.rb:29:in `call'
actionpack (6.0.3.4) lib/action_dispatch/middleware/executor.rb:14:in `call'
actionpack (6.0.3.4) lib/action_dispatch/middleware/static.rb:126:in `call'
rack (2.2.3) lib/rack/sendfile.rb:110:in `call'
actionpack (6.0.3.4) lib/action_dispatch/middleware/host_authorization.rb:82:in `call'
rack-cors (1.1.1) lib/rack/cors.rb:100:in `call'
railties (6.0.3.4) lib/rails/engine.rb:527:in `call'
puma (4.3.7) lib/puma/configuration.rb:228:in `call'
puma (4.3.7) lib/puma/server.rb:713:in `handle_request'
puma (4.3.7) lib/puma/server.rb:472:in `process_client'
puma (4.3.7) lib/puma/server.rb:328:in `block in run'
puma (4.3.7) lib/puma/thread_pool.rb:134:in `block in spawn_thread'
Started GET "/api/v1/todos" for ::1 at 2020-12-21 07:12:33 -0500
Processing by Api::V1::TodosController#index as HTML
  [1m[36mTodo Load (0.2ms)[0m  [1m[34mSELECT "todos".* FROM "todos"[0m
  ↳ app/controllers/api/v1/todos_controller.rb:13:in `index'
Completed 200 OK in 6ms (Views: 0.9ms | ActiveRecord: 0.5ms | Allocations: 5380)


Started GET "/api/v1/todones" for ::1 at 2020-12-21 07:12:44 -0500
Processing by Api::V1::TodonesController#index as HTML
  [1m[36mTodone Load (0.2ms)[0m  [1m[34mSELECT "todones".* FROM "todones"[0m
  ↳ app/controllers/api/v1/todones_controller.rb:8:in `index'
Completed 200 OK in 2ms (Views: 1.3ms | ActiveRecord: 0.3ms | Allocations: 1279)


  [1m[35m (0.3ms)[0m  [1m[34mSELECT sqlite_version(*)[0m
  [1m[35m (0.1ms)[0m  [1m[36mbegin transaction[0m
  [1m[36mTodone Create (0.3ms)[0m  [1m[32mINSERT INTO "todones" ("created_at", "updated_at", "name") VALUES (?, ?, ?)[0m  [["created_at", "2020-12-21 12:12:55.001697"], ["updated_at", "2020-12-21 12:12:55.001697"], ["name", "Test"]]
  [1m[35m (5.6ms)[0m  [1m[36mcommit transaction[0m
Started GET "/api/v1/todones" for ::1 at 2020-12-21 07:13:00 -0500
  [1m[35m (0.2ms)[0m  [1m[34mSELECT sqlite_version(*)[0m
  [1m[35m (0.1ms)[0m  [1m[34mSELECT "schema_migrations"."version" FROM "schema_migrations" ORDER BY "schema_migrations"."version" ASC[0m
Processing by Api::V1::TodonesController#index as HTML
  [1m[36mTodone Load (0.2ms)[0m  [1m[34mSELECT "todones".* FROM "todones"[0m
  ↳ app/controllers/api/v1/todones_controller.rb:8:in `index'
Completed 200 OK in 6ms (Views: 4.9ms | ActiveRecord: 0.5ms | Allocations: 3864)


